{"C:\\Users\\Hp\\moodniko-frontend\\src\\App.tsx": {"path":"C:\\Users\\Hp\\moodniko-frontend\\src\\App.tsx","statementMap":{"0":{"start":{"line":1,"column":0},"end":{"line":1,"column":32}},"1":{"start":{"line":2,"column":0},"end":{"line":2,"column":83}},"2":{"start":{"line":3,"column":0},"end":{"line":3,"column":59}},"3":{"start":{"line":4,"column":0},"end":{"line":4,"column":36}},"4":{"start":{"line":5,"column":0},"end":{"line":5,"column":72}},"5":{"start":{"line":6,"column":0},"end":{"line":6,"column":50}},"6":{"start":{"line":7,"column":0},"end":{"line":7,"column":38}},"7":{"start":{"line":8,"column":0},"end":{"line":8,"column":49}},"8":{"start":{"line":9,"column":0},"end":{"line":9,"column":58}},"9":{"start":{"line":10,"column":0},"end":{"line":10,"column":60}},"10":{"start":{"line":11,"column":0},"end":{"line":11,"column":53}},"11":{"start":{"line":12,"column":0},"end":{"line":12,"column":56}},"12":{"start":{"line":13,"column":0},"end":{"line":13,"column":46}},"13":{"start":{"line":14,"column":0},"end":{"line":14,"column":40}},"14":{"start":{"line":15,"column":0},"end":{"line":15,"column":42}},"15":{"start":{"line":16,"column":0},"end":{"line":16,"column":46}},"16":{"start":{"line":17,"column":0},"end":{"line":17,"column":54}},"17":{"start":{"line":18,"column":0},"end":{"line":18,"column":56}},"18":{"start":{"line":19,"column":0},"end":{"line":19,"column":70}},"19":{"start":{"line":23,"column":23},"end":{"line":30,"column":null}},"20":{"start":{"line":32,"column":45},"end":{"line":45,"column":null}},"21":{"start":{"line":47,"column":37},"end":{"line":58,"column":null}},"22":{"start":{"line":60,"column":45},"end":{"line":97,"column":null}},"23":{"start":{"line":99,"column":57},"end":{"line":105,"column":null}},"24":{"start":{"line":107,"column":12},"end":{"line":320,"column":1}},"25":{"start":{"line":108,"column":26},"end":{"line":108,"column":53}},"26":{"start":{"line":109,"column":36},"end":{"line":109,"column":51}},"27":{"start":{"line":110,"column":28},"end":{"line":110,"column":57}},"28":{"start":{"line":113,"column":22},"end":{"line":123,"column":null}},"29":{"start":{"line":113,"column":33},"end":{"line":123,"column":null}},"30":{"start":{"line":114,"column":4},"end":{"line":114,"column":null}},"31":{"start":{"line":115,"column":4},"end":{"line":115,"column":null}},"32":{"start":{"line":118,"column":4},"end":{"line":118,"column":null}},"33":{"start":{"line":118,"column":33},"end":{"line":118,"column":58}},"34":{"start":{"line":121,"column":4},"end":{"line":121,"column":null}},"35":{"start":{"line":122,"column":4},"end":{"line":122,"column":null}},"36":{"start":{"line":125,"column":25},"end":{"line":135,"column":null}},"37":{"start":{"line":125,"column":36},"end":{"line":135,"column":null}},"38":{"start":{"line":126,"column":4},"end":{"line":126,"column":null}},"39":{"start":{"line":127,"column":4},"end":{"line":127,"column":null}},"40":{"start":{"line":130,"column":4},"end":{"line":130,"column":null}},"41":{"start":{"line":130,"column":33},"end":{"line":130,"column":58}},"42":{"start":{"line":133,"column":4},"end":{"line":133,"column":null}},"43":{"start":{"line":134,"column":4},"end":{"line":134,"column":null}},"44":{"start":{"line":137,"column":23},"end":{"line":139,"column":3}},"45":{"start":{"line":138,"column":4},"end":{"line":138,"column":null}},"46":{"start":{"line":141,"column":30},"end":{"line":145,"column":3}},"47":{"start":{"line":142,"column":4},"end":{"line":144,"column":5}},"48":{"start":{"line":143,"column":6},"end":{"line":143,"column":null}},"49":{"start":{"line":147,"column":34},"end":{"line":150,"column":3}},"50":{"start":{"line":149,"column":4},"end":{"line":149,"column":null}},"51":{"start":{"line":152,"column":30},"end":{"line":155,"column":3}},"52":{"start":{"line":154,"column":4},"end":{"line":154,"column":null}},"53":{"start":{"line":157,"column":28},"end":{"line":160,"column":3}},"54":{"start":{"line":159,"column":4},"end":{"line":159,"column":null}},"55":{"start":{"line":162,"column":29},"end":{"line":165,"column":3}},"56":{"start":{"line":164,"column":4},"end":{"line":164,"column":null}},"57":{"start":{"line":167,"column":28},"end":{"line":170,"column":3}},"58":{"start":{"line":169,"column":4},"end":{"line":169,"column":null}},"59":{"start":{"line":172,"column":30},"end":{"line":176,"column":3}},"60":{"start":{"line":174,"column":4},"end":{"line":174,"column":null}},"61":{"start":{"line":175,"column":4},"end":{"line":175,"column":null}},"62":{"start":{"line":178,"column":27},"end":{"line":181,"column":3}},"63":{"start":{"line":180,"column":4},"end":{"line":180,"column":null}},"64":{"start":{"line":184,"column":26},"end":{"line":184,"column":32}},"65":{"start":{"line":186,"column":2},"end":{"line":319,"column":null}},"66":{"start":{"line":322,"column":0},"end":{"line":322,"column":null}}},"fnMap":{"0":{"name":"(anonymous_8)","decl":{"start":{"line":107,"column":12},"end":{"line":107,"column":15}},"loc":{"start":{"line":107,"column":17},"end":{"line":320,"column":1}}},"1":{"name":"(anonymous_9)","decl":{"start":{"line":113,"column":22},"end":{"line":113,"column":31}},"loc":{"start":{"line":113,"column":33},"end":{"line":123,"column":null}}},"2":{"name":"(anonymous_10)","decl":{"start":{"line":113,"column":33},"end":{"line":113,"column":null}},"loc":{"start":{"line":113,"column":33},"end":{"line":123,"column":3}}},"3":{"name":"(anonymous_11)","decl":{"start":{"line":118,"column":22},"end":{"line":118,"column":29}},"loc":{"start":{"line":118,"column":33},"end":{"line":118,"column":58}}},"4":{"name":"(anonymous_12)","decl":{"start":{"line":125,"column":25},"end":{"line":125,"column":34}},"loc":{"start":{"line":125,"column":36},"end":{"line":135,"column":null}}},"5":{"name":"(anonymous_13)","decl":{"start":{"line":125,"column":36},"end":{"line":125,"column":null}},"loc":{"start":{"line":125,"column":36},"end":{"line":135,"column":3}}},"6":{"name":"(anonymous_14)","decl":{"start":{"line":130,"column":22},"end":{"line":130,"column":29}},"loc":{"start":{"line":130,"column":33},"end":{"line":130,"column":58}}},"7":{"name":"(anonymous_15)","decl":{"start":{"line":137,"column":23},"end":{"line":137,"column":26}},"loc":{"start":{"line":137,"column":28},"end":{"line":139,"column":3}}},"8":{"name":"(anonymous_16)","decl":{"start":{"line":141,"column":30},"end":{"line":141,"column":31}},"loc":{"start":{"line":141,"column":57},"end":{"line":145,"column":3}}},"9":{"name":"(anonymous_17)","decl":{"start":{"line":147,"column":34},"end":{"line":147,"column":35}},"loc":{"start":{"line":147,"column":76},"end":{"line":150,"column":3}}},"10":{"name":"(anonymous_18)","decl":{"start":{"line":152,"column":30},"end":{"line":152,"column":31}},"loc":{"start":{"line":152,"column":52},"end":{"line":155,"column":3}}},"11":{"name":"(anonymous_19)","decl":{"start":{"line":157,"column":28},"end":{"line":157,"column":29}},"loc":{"start":{"line":157,"column":58},"end":{"line":160,"column":3}}},"12":{"name":"(anonymous_20)","decl":{"start":{"line":162,"column":29},"end":{"line":162,"column":30}},"loc":{"start":{"line":162,"column":59},"end":{"line":165,"column":3}}},"13":{"name":"(anonymous_21)","decl":{"start":{"line":167,"column":28},"end":{"line":167,"column":29}},"loc":{"start":{"line":167,"column":66},"end":{"line":170,"column":3}}},"14":{"name":"(anonymous_22)","decl":{"start":{"line":172,"column":30},"end":{"line":172,"column":33}},"loc":{"start":{"line":172,"column":35},"end":{"line":176,"column":3}}},"15":{"name":"(anonymous_23)","decl":{"start":{"line":178,"column":27},"end":{"line":178,"column":30}},"loc":{"start":{"line":178,"column":32},"end":{"line":181,"column":3}}}},"branchMap":{"0":{"loc":{"start":{"line":142,"column":4},"end":{"line":144,"column":5}},"type":"if","locations":[{"start":{"line":142,"column":4},"end":{"line":144,"column":5}},{"start":{},"end":{}}]},"1":{"loc":{"start":{"line":200,"column":14},"end":{"line":208,"column":null}},"type":"cond-expr","locations":[{"start":{"line":201,"column":16},"end":{"line":201,"column":41}},{"start":{"line":203,"column":16},"end":{"line":207,"column":null}}]},"2":{"loc":{"start":{"line":213,"column":14},"end":{"line":221,"column":null}},"type":"cond-expr","locations":[{"start":{"line":214,"column":16},"end":{"line":214,"column":43}},{"start":{"line":216,"column":16},"end":{"line":220,"column":null}}]},"3":{"loc":{"start":{"line":220,"column":25},"end":{"line":220,"column":43}},"type":"binary-expr","locations":[{"start":{"line":220,"column":25},"end":{"line":220,"column":30}},{"start":{"line":220,"column":34},"end":{"line":220,"column":43}}]},"4":{"loc":{"start":{"line":226,"column":14},"end":{"line":234,"column":null}},"type":"cond-expr","locations":[{"start":{"line":227,"column":16},"end":{"line":227,"column":43}},{"start":{"line":229,"column":16},"end":{"line":233,"column":null}}]},"5":{"loc":{"start":{"line":233,"column":25},"end":{"line":233,"column":43}},"type":"binary-expr","locations":[{"start":{"line":233,"column":25},"end":{"line":233,"column":30}},{"start":{"line":233,"column":34},"end":{"line":233,"column":43}}]},"6":{"loc":{"start":{"line":247,"column":14},"end":{"line":250,"column":null}},"type":"cond-expr","locations":[{"start":{"line":248,"column":16},"end":{"line":248,"column":31}},{"start":{"line":250,"column":16},"end":{"line":250,"column":48}}]},"7":{"loc":{"start":{"line":259,"column":14},"end":{"line":268,"column":null}},"type":"cond-expr","locations":[{"start":{"line":260,"column":16},"end":{"line":265,"column":null}},{"start":{"line":268,"column":16},"end":{"line":268,"column":48}}]},"8":{"loc":{"start":{"line":273,"column":14},"end":{"line":281,"column":null}},"type":"cond-expr","locations":[{"start":{"line":274,"column":16},"end":{"line":278,"column":null}},{"start":{"line":281,"column":16},"end":{"line":281,"column":48}}]},"9":{"loc":{"start":{"line":286,"column":14},"end":{"line":294,"column":null}},"type":"cond-expr","locations":[{"start":{"line":287,"column":16},"end":{"line":291,"column":null}},{"start":{"line":294,"column":16},"end":{"line":294,"column":48}}]},"10":{"loc":{"start":{"line":299,"column":14},"end":{"line":308,"column":null}},"type":"cond-expr","locations":[{"start":{"line":300,"column":16},"end":{"line":305,"column":null}},{"start":{"line":308,"column":16},"end":{"line":308,"column":48}}]}},"s":{"0":0,"1":0,"2":0,"3":0,"4":0,"5":0,"6":0,"7":0,"8":0,"9":0,"10":0,"11":0,"12":0,"13":0,"14":0,"15":0,"16":0,"17":0,"18":0,"19":0,"20":0,"21":0,"22":0,"23":0,"24":0,"25":0,"26":0,"27":0,"28":0,"29":0,"30":0,"31":0,"32":0,"33":0,"34":0,"35":0,"36":0,"37":0,"38":0,"39":0,"40":0,"41":0,"42":0,"43":0,"44":0,"45":0,"46":0,"47":0,"48":0,"49":0,"50":0,"51":0,"52":0,"53":0,"54":0,"55":0,"56":0,"57":0,"58":0,"59":0,"60":0,"61":0,"62":0,"63":0,"64":0,"65":0,"66":0},"f":{"0":0,"1":0,"2":0,"3":0,"4":0,"5":0,"6":0,"7":0,"8":0,"9":0,"10":0,"11":0,"12":0,"13":0,"14":0,"15":0},"b":{"0":[0,0],"1":[0,0],"2":[0,0],"3":[0,0],"4":[0,0],"5":[0,0],"6":[0,0],"7":[0,0],"8":[0,0],"9":[0,0],"10":[0,0]}}
,"C:\\Users\\Hp\\moodniko-frontend\\src\\__tests__\\utils\\test-utils.ts": {"path":"C:\\Users\\Hp\\moodniko-frontend\\src\\__tests__\\utils\\test-utils.ts","statementMap":{"0":{"start":{"line":2,"column":0},"end":{"line":2,"column":48}},"1":{"start":{"line":4,"column":0},"end":{"line":4,"column":7}},"2":{"start":{"line":27,"column":9},"end":{"line":4,"column":52}},"3":{"start":{"line":5,"column":0},"end":{"line":5,"column":26}},"4":{"start":{"line":6,"column":0},"end":{"line":6,"column":49}},"5":{"start":{"line":9,"column":21},"end":{"line":18,"column":1}},"6":{"start":{"line":13,"column":26},"end":{"line":15,"column":3}},"7":{"start":{"line":14,"column":4},"end":{"line":14,"column":62}},"8":{"start":{"line":17,"column":2},"end":{"line":17,"column":62}},"9":{"start":{"line":24,"column":25},"end":{"line":24,"column":31}},"10":{"start":{"line":21,"column":0},"end":{"line":21,"column":9}},"11":{"start":{"line":21,"column":9},"end":{"line":21,"column":17}},"12":{"start":{"line":21,"column":17},"end":{"line":21,"column":28}},"13":{"start":{"line":21,"column":28},"end":{"line":21,"column":37}},"14":{"start":{"line":21,"column":37},"end":{"line":21,"column":45}},"15":{"start":{"line":21,"column":45},"end":{"line":21,"column":57}},"16":{"start":{"line":21,"column":57},"end":{"line":21,"column":69}},"17":{"start":{"line":21,"column":69},"end":{"line":21,"column":114}},"18":{"start":{"line":30,"column":13},"end":{"line":47,"column":2}},"19":{"start":{"line":50,"column":13},"end":{"line":62,"column":2}},"20":{"start":{"line":65,"column":38},"end":{"line":67,"column":1}},"21":{"start":{"line":66,"column":2},"end":{"line":66,"column":56}},"22":{"start":{"line":66,"column":32},"end":{"line":66,"column":54}},"23":{"start":{"line":65,"column":13},"end":{"line":65,"column":38}},"24":{"start":{"line":69,"column":30},"end":{"line":73,"column":null}},"25":{"start":{"line":69,"column":50},"end":{"line":73,"column":null}},"26":{"start":{"line":69,"column":13},"end":{"line":69,"column":30}}},"fnMap":{"0":{"name":"(anonymous_1)","decl":{"start":{"line":9,"column":21},"end":{"line":9,"column":null}},"loc":{"start":{"line":12,"column":4},"end":{"line":18,"column":1}}},"1":{"name":"(anonymous_2)","decl":{"start":{"line":13,"column":26},"end":{"line":13,"column":27}},"loc":{"start":{"line":13,"column":68},"end":{"line":15,"column":3}}},"2":{"name":"(anonymous_3)","decl":{"start":{"line":21,"column":9},"end":{"line":21,"column":15}},"loc":{"start":{"line":21,"column":9},"end":{"line":21,"column":17}}},"3":{"name":"(anonymous_4)","decl":{"start":{"line":21,"column":17},"end":{"line":21,"column":26}},"loc":{"start":{"line":21,"column":17},"end":{"line":21,"column":28}}},"4":{"name":"(anonymous_5)","decl":{"start":{"line":21,"column":28},"end":{"line":21,"column":35}},"loc":{"start":{"line":21,"column":28},"end":{"line":21,"column":37}}},"5":{"name":"(anonymous_6)","decl":{"start":{"line":21,"column":37},"end":{"line":21,"column":43}},"loc":{"start":{"line":21,"column":37},"end":{"line":21,"column":45}}},"6":{"name":"(anonymous_7)","decl":{"start":{"line":21,"column":45},"end":{"line":21,"column":55}},"loc":{"start":{"line":21,"column":45},"end":{"line":21,"column":57}}},"7":{"name":"(anonymous_8)","decl":{"start":{"line":21,"column":57},"end":{"line":21,"column":67}},"loc":{"start":{"line":21,"column":57},"end":{"line":21,"column":69}}},"8":{"name":"(anonymous_9)","decl":{"start":{"line":21,"column":69},"end":{"line":21,"column":81}},"loc":{"start":{"line":21,"column":69},"end":{"line":21,"column":114}}},"9":{"name":"(anonymous_10)","decl":{"start":{"line":65,"column":38},"end":{"line":65,"column":41}},"loc":{"start":{"line":65,"column":43},"end":{"line":67,"column":1}}},"10":{"name":"(anonymous_11)","decl":{"start":{"line":66,"column":21},"end":{"line":66,"column":28}},"loc":{"start":{"line":66,"column":32},"end":{"line":66,"column":54}}},"11":{"name":"(anonymous_12)","decl":{"start":{"line":69,"column":30},"end":{"line":69,"column":31}},"loc":{"start":{"line":69,"column":50},"end":{"line":73,"column":null}}}},"branchMap":{"0":{"loc":{"start":{"line":69,"column":31},"end":{"line":69,"column":45}},"type":"default-arg","locations":[{"start":{"line":69,"column":43},"end":{"line":69,"column":45}}]}},"s":{"0":1,"1":1,"2":1,"3":1,"4":1,"5":1,"6":8,"7":8,"8":8,"9":1,"10":1,"11":29,"12":15,"13":10,"14":1,"15":1,"16":1,"17":1,"18":1,"19":1,"20":1,"21":0,"22":0,"23":1,"24":1,"25":0,"26":1},"f":{"0":8,"1":8,"2":28,"3":14,"4":9,"5":0,"6":0,"7":0,"8":0,"9":0,"10":0,"11":0},"b":{"0":[0]}}
,"C:\\Users\\Hp\\moodniko-frontend\\src\\components\\AboutUs.tsx": {"path":"C:\\Users\\Hp\\moodniko-frontend\\src\\components\\AboutUs.tsx","statementMap":{"0":{"start":{"line":1,"column":0},"end":{"line":1,"column":78}},"1":{"start":{"line":3,"column":16},"end":{"line":194,"column":1}},"2":{"start":{"line":4,"column":19},"end":{"line":35,"column":null}},"3":{"start":{"line":37,"column":15},"end":{"line":56,"column":null}},"4":{"start":{"line":58,"column":2},"end":{"line":193,"column":null}},"5":{"start":{"line":91,"column":12},"end":{"line":91,"column":29}},"6":{"start":{"line":151,"column":12},"end":{"line":151,"column":29}},"7":{"start":{"line":196,"column":0},"end":{"line":196,"column":null}}},"fnMap":{"0":{"name":"(anonymous_0)","decl":{"start":{"line":3,"column":16},"end":{"line":3,"column":19}},"loc":{"start":{"line":3,"column":21},"end":{"line":194,"column":1}}},"1":{"name":"(anonymous_1)","decl":{"start":{"line":90,"column":24},"end":{"line":90,"column":25}},"loc":{"start":{"line":91,"column":12},"end":{"line":91,"column":29}}},"2":{"name":"(anonymous_2)","decl":{"start":{"line":150,"column":20},"end":{"line":150,"column":21}},"loc":{"start":{"line":151,"column":12},"end":{"line":151,"column":29}}}},"branchMap":{},"s":{"0":0,"1":0,"2":0,"3":0,"4":0,"5":0,"6":0,"7":0},"f":{"0":0,"1":0,"2":0},"b":{}}
,"C:\\Users\\Hp\\moodniko-frontend\\src\\components\\ContactUs.tsx": {"path":"C:\\Users\\Hp\\moodniko-frontend\\src\\components\\ContactUs.tsx","statementMap":{"0":{"start":{"line":1,"column":0},"end":{"line":1,"column":32}},"1":{"start":{"line":2,"column":0},"end":{"line":2,"column":91}},"2":{"start":{"line":4,"column":18},"end":{"line":260,"column":1}},"3":{"start":{"line":5,"column":34},"end":{"line":10,"column":4}},"4":{"start":{"line":11,"column":40},"end":{"line":11,"column":55}},"5":{"start":{"line":13,"column":23},"end":{"line":19,"column":3}},"6":{"start":{"line":14,"column":4},"end":{"line":14,"column":null}},"7":{"start":{"line":16,"column":4},"end":{"line":16,"column":null}},"8":{"start":{"line":17,"column":4},"end":{"line":17,"column":null}},"9":{"start":{"line":17,"column":21},"end":{"line":17,"column":42}},"10":{"start":{"line":18,"column":4},"end":{"line":18,"column":null}},"11":{"start":{"line":21,"column":28},"end":{"line":23,"column":3}},"12":{"start":{"line":22,"column":4},"end":{"line":22,"column":null}},"13":{"start":{"line":22,"column":24},"end":{"line":22,"column":53}},"14":{"start":{"line":25,"column":22},"end":{"line":50,"column":null}},"15":{"start":{"line":52,"column":15},"end":{"line":69,"column":null}},"16":{"start":{"line":71,"column":2},"end":{"line":259,"column":null}},"17":{"start":{"line":114,"column":37},"end":{"line":114,"column":78}},"18":{"start":{"line":129,"column":37},"end":{"line":129,"column":79}},"19":{"start":{"line":144,"column":37},"end":{"line":144,"column":81}},"20":{"start":{"line":159,"column":37},"end":{"line":159,"column":81}},"21":{"start":{"line":182,"column":16},"end":{"line":182,"column":33}},"22":{"start":{"line":227,"column":14},"end":{"line":227,"column":31}},"23":{"start":{"line":262,"column":0},"end":{"line":262,"column":null}}},"fnMap":{"0":{"name":"(anonymous_0)","decl":{"start":{"line":4,"column":18},"end":{"line":4,"column":21}},"loc":{"start":{"line":4,"column":23},"end":{"line":260,"column":1}}},"1":{"name":"(anonymous_1)","decl":{"start":{"line":13,"column":23},"end":{"line":13,"column":24}},"loc":{"start":{"line":13,"column":46},"end":{"line":19,"column":3}}},"2":{"name":"(anonymous_2)","decl":{"start":{"line":17,"column":15},"end":{"line":17,"column":18}},"loc":{"start":{"line":17,"column":21},"end":{"line":17,"column":42}}},"3":{"name":"(anonymous_3)","decl":{"start":{"line":21,"column":28},"end":{"line":21,"column":29}},"loc":{"start":{"line":21,"column":61},"end":{"line":23,"column":3}}},"4":{"name":"(anonymous_4)","decl":{"start":{"line":22,"column":16},"end":{"line":22,"column":20}},"loc":{"start":{"line":22,"column":24},"end":{"line":22,"column":53}}},"5":{"name":"(anonymous_5)","decl":{"start":{"line":114,"column":30},"end":{"line":114,"column":31}},"loc":{"start":{"line":114,"column":37},"end":{"line":114,"column":78}}},"6":{"name":"(anonymous_6)","decl":{"start":{"line":129,"column":30},"end":{"line":129,"column":31}},"loc":{"start":{"line":129,"column":37},"end":{"line":129,"column":79}}},"7":{"name":"(anonymous_7)","decl":{"start":{"line":144,"column":30},"end":{"line":144,"column":31}},"loc":{"start":{"line":144,"column":37},"end":{"line":144,"column":81}}},"8":{"name":"(anonymous_8)","decl":{"start":{"line":159,"column":30},"end":{"line":159,"column":31}},"loc":{"start":{"line":159,"column":37},"end":{"line":159,"column":81}}},"9":{"name":"(anonymous_9)","decl":{"start":{"line":181,"column":31},"end":{"line":181,"column":32}},"loc":{"start":{"line":182,"column":16},"end":{"line":182,"column":33}}},"10":{"name":"(anonymous_10)","decl":{"start":{"line":226,"column":22},"end":{"line":226,"column":23}},"loc":{"start":{"line":227,"column":14},"end":{"line":227,"column":31}}}},"branchMap":{"0":{"loc":{"start":{"line":95,"column":13},"end":{"line":172,"column":null}},"type":"cond-expr","locations":[{"start":{"line":96,"column":14},"end":{"line":101,"column":null}},{"start":{"line":104,"column":14},"end":{"line":171,"column":null}}]}},"s":{"0":0,"1":0,"2":0,"3":0,"4":0,"5":0,"6":0,"7":0,"8":0,"9":0,"10":0,"11":0,"12":0,"13":0,"14":0,"15":0,"16":0,"17":0,"18":0,"19":0,"20":0,"21":0,"22":0,"23":0},"f":{"0":0,"1":0,"2":0,"3":0,"4":0,"5":0,"6":0,"7":0,"8":0,"9":0,"10":0},"b":{"0":[0,0]}}
,"C:\\Users\\Hp\\moodniko-frontend\\src\\components\\ContentRecommendations.tsx": {"path":"C:\\Users\\Hp\\moodniko-frontend\\src\\components\\ContentRecommendations.tsx","statementMap":{"0":{"start":{"line":1,"column":0},"end":{"line":1,"column":32}},"1":{"start":{"line":2,"column":0},"end":{"line":2,"column":112}},"2":{"start":{"line":3,"column":0},"end":{"line":3,"column":46}},"3":{"start":{"line":4,"column":0},"end":{"line":4,"column":null}},"4":{"start":{"line":22,"column":31},"end":{"line":341,"column":1}},"5":{"start":{"line":23,"column":19},"end":{"line":23,"column":32}},"6":{"start":{"line":24,"column":42},"end":{"line":24,"column":65}},"7":{"start":{"line":25,"column":42},"end":{"line":25,"column":65}},"8":{"start":{"line":28,"column":37},"end":{"line":117,"column":null}},"9":{"start":{"line":119,"column":23},"end":{"line":125,"column":null}},"10":{"start":{"line":128,"column":16},"end":{"line":128,"column":29}},"11":{"start":{"line":129,"column":22},"end":{"line":129,"column":117}},"12":{"start":{"line":129,"column":80},"end":{"line":129,"column":114}},"13":{"start":{"line":131,"column":26},"end":{"line":135,"column":4}},"14":{"start":{"line":132,"column":22},"end":{"line":132,"column":74}},"15":{"start":{"line":133,"column":22},"end":{"line":133,"column":74}},"16":{"start":{"line":134,"column":4},"end":{"line":134,"column":null}},"17":{"start":{"line":137,"column":22},"end":{"line":145,"column":3}},"18":{"start":{"line":138,"column":4},"end":{"line":144,"column":5}},"19":{"start":{"line":139,"column":20},"end":{"line":139,"column":null}},"20":{"start":{"line":140,"column":20},"end":{"line":140,"column":null}},"21":{"start":{"line":141,"column":19},"end":{"line":141,"column":null}},"22":{"start":{"line":142,"column":22},"end":{"line":142,"column":null}},"23":{"start":{"line":143,"column":15},"end":{"line":143,"column":null}},"24":{"start":{"line":147,"column":2},"end":{"line":340,"column":null}},"25":{"start":{"line":167,"column":14},"end":{"line":168,"column":null}},"26":{"start":{"line":169,"column":31},"end":{"line":169,"column":55}},"27":{"start":{"line":189,"column":14},"end":{"line":190,"column":null}},"28":{"start":{"line":191,"column":31},"end":{"line":191,"column":55}},"29":{"start":{"line":219,"column":14},"end":{"line":219,"column":33}},"30":{"start":{"line":313,"column":29},"end":{"line":313,"column":47}},"31":{"start":{"line":319,"column":29},"end":{"line":319,"column":50}},"32":{"start":{"line":332,"column":27},"end":{"line":332,"column":48}},"33":{"start":{"line":343,"column":0},"end":{"line":343,"column":null}}},"fnMap":{"0":{"name":"(anonymous_0)","decl":{"start":{"line":22,"column":31},"end":{"line":22,"column":34}},"loc":{"start":{"line":22,"column":36},"end":{"line":341,"column":1}}},"1":{"name":"(anonymous_1)","decl":{"start":{"line":129,"column":71},"end":{"line":129,"column":75}},"loc":{"start":{"line":129,"column":80},"end":{"line":129,"column":114}}},"2":{"name":"(anonymous_2)","decl":{"start":{"line":131,"column":45},"end":{"line":131,"column":49}},"loc":{"start":{"line":131,"column":52},"end":{"line":135,"column":3}}},"3":{"name":"(anonymous_3)","decl":{"start":{"line":137,"column":22},"end":{"line":137,"column":23}},"loc":{"start":{"line":137,"column":39},"end":{"line":145,"column":3}}},"4":{"name":"(anonymous_4)","decl":{"start":{"line":166,"column":30},"end":{"line":166,"column":31}},"loc":{"start":{"line":167,"column":14},"end":{"line":168,"column":null}}},"5":{"name":"(anonymous_5)","decl":{"start":{"line":169,"column":25},"end":{"line":169,"column":28}},"loc":{"start":{"line":169,"column":31},"end":{"line":169,"column":55}}},"6":{"name":"(anonymous_6)","decl":{"start":{"line":188,"column":29},"end":{"line":188,"column":30}},"loc":{"start":{"line":189,"column":14},"end":{"line":190,"column":null}}},"7":{"name":"(anonymous_7)","decl":{"start":{"line":191,"column":25},"end":{"line":191,"column":28}},"loc":{"start":{"line":191,"column":31},"end":{"line":191,"column":55}}},"8":{"name":"(anonymous_8)","decl":{"start":{"line":218,"column":33},"end":{"line":218,"column":34}},"loc":{"start":{"line":219,"column":14},"end":{"line":219,"column":33}}},"9":{"name":"(anonymous_9)","decl":{"start":{"line":313,"column":23},"end":{"line":313,"column":26}},"loc":{"start":{"line":313,"column":29},"end":{"line":313,"column":47}}},"10":{"name":"(anonymous_10)","decl":{"start":{"line":319,"column":23},"end":{"line":319,"column":26}},"loc":{"start":{"line":319,"column":29},"end":{"line":319,"column":50}}},"11":{"name":"(anonymous_11)","decl":{"start":{"line":332,"column":21},"end":{"line":332,"column":24}},"loc":{"start":{"line":332,"column":27},"end":{"line":332,"column":48}}}},"branchMap":{"0":{"loc":{"start":{"line":132,"column":22},"end":{"line":132,"column":74}},"type":"binary-expr","locations":[{"start":{"line":132,"column":22},"end":{"line":132,"column":44}},{"start":{"line":132,"column":48},"end":{"line":132,"column":74}}]},"1":{"loc":{"start":{"line":133,"column":22},"end":{"line":133,"column":74}},"type":"binary-expr","locations":[{"start":{"line":133,"column":22},"end":{"line":133,"column":44}},{"start":{"line":133,"column":48},"end":{"line":133,"column":74}}]},"2":{"loc":{"start":{"line":134,"column":11},"end":{"line":134,"column":33}},"type":"binary-expr","locations":[{"start":{"line":134,"column":11},"end":{"line":134,"column":20}},{"start":{"line":134,"column":24},"end":{"line":134,"column":33}}]},"3":{"loc":{"start":{"line":138,"column":4},"end":{"line":144,"column":5}},"type":"switch","locations":[{"start":{"line":139,"column":6},"end":{"line":139,"column":null}},{"start":{"line":140,"column":6},"end":{"line":140,"column":null}},{"start":{"line":141,"column":6},"end":{"line":141,"column":null}},{"start":{"line":142,"column":6},"end":{"line":142,"column":null}},{"start":{"line":143,"column":6},"end":{"line":143,"column":null}}]},"4":{"loc":{"start":{"line":172,"column":18},"end":{"line":174,"column":89}},"type":"cond-expr","locations":[{"start":{"line":173,"column":22},"end":{"line":173,"column":58}},{"start":{"line":174,"column":22},"end":{"line":174,"column":89}}]},"5":{"loc":{"start":{"line":194,"column":18},"end":{"line":196,"column":89}},"type":"cond-expr","locations":[{"start":{"line":195,"column":22},"end":{"line":195,"column":59}},{"start":{"line":196,"column":22},"end":{"line":196,"column":89}}]},"6":{"loc":{"start":{"line":208,"column":9},"end":{"line":294,"column":null}},"type":"cond-expr","locations":[{"start":{"line":209,"column":10},"end":{"line":214,"column":null}},{"start":{"line":217,"column":10},"end":{"line":293,"column":null}}]},"7":{"loc":{"start":{"line":235,"column":19},"end":{"line":238,"column":null}},"type":"binary-expr","locations":[{"start":{"line":235,"column":19},"end":{"line":235,"column":30}},{"start":{"line":236,"column":20},"end":{"line":237,"column":null}}]},"8":{"loc":{"start":{"line":329,"column":7},"end":{"line":337,"column":null}},"type":"binary-expr","locations":[{"start":{"line":329,"column":7},"end":{"line":329,"column":33}},{"start":{"line":330,"column":8},"end":{"line":336,"column":null}}]}},"s":{"0":0,"1":0,"2":0,"3":0,"4":0,"5":0,"6":0,"7":0,"8":0,"9":0,"10":0,"11":0,"12":0,"13":0,"14":0,"15":0,"16":0,"17":0,"18":0,"19":0,"20":0,"21":0,"22":0,"23":0,"24":0,"25":0,"26":0,"27":0,"28":0,"29":0,"30":0,"31":0,"32":0,"33":0},"f":{"0":0,"1":0,"2":0,"3":0,"4":0,"5":0,"6":0,"7":0,"8":0,"9":0,"10":0,"11":0},"b":{"0":[0,0],"1":[0,0],"2":[0,0],"3":[0,0,0,0,0],"4":[0,0],"5":[0,0],"6":[0,0],"7":[0,0],"8":[0,0]}}
,"C:\\Users\\Hp\\moodniko-frontend\\src\\components\\Dashboard.tsx": {"path":"C:\\Users\\Hp\\moodniko-frontend\\src\\components\\Dashboard.tsx","statementMap":{"0":{"start":{"line":2,"column":0},"end":{"line":2,"column":39}},"1":{"start":{"line":3,"column":0},"end":{"line":3,"column":79}},"2":{"start":{"line":9,"column":18},"end":{"line":93,"column":1}},"3":{"start":{"line":10,"column":23},"end":{"line":39,"column":null}},"4":{"start":{"line":41,"column":2},"end":{"line":92,"column":null}},"5":{"start":{"line":56,"column":10},"end":{"line":57,"column":null}},"6":{"start":{"line":95,"column":0},"end":{"line":95,"column":null}}},"fnMap":{"0":{"name":"(anonymous_0)","decl":{"start":{"line":9,"column":18},"end":{"line":9,"column":19}},"loc":{"start":{"line":9,"column":47},"end":{"line":93,"column":1}}},"1":{"name":"(anonymous_1)","decl":{"start":{"line":55,"column":26},"end":{"line":55,"column":27}},"loc":{"start":{"line":56,"column":10},"end":{"line":57,"column":null}}}},"branchMap":{"0":{"loc":{"start":{"line":46,"column":25},"end":{"line":46,"column":55}},"type":"binary-expr","locations":[{"start":{"line":46,"column":25},"end":{"line":46,"column":41}},{"start":{"line":46,"column":45},"end":{"line":46,"column":55}}]}},"s":{"0":0,"1":0,"2":0,"3":0,"4":0,"5":0,"6":0},"f":{"0":0,"1":0},"b":{"0":[0,0]}}
,"C:\\Users\\Hp\\moodniko-frontend\\src\\components\\Footer.tsx": {"path":"C:\\Users\\Hp\\moodniko-frontend\\src\\components\\Footer.tsx","statementMap":{"0":{"start":{"line":1,"column":0},"end":{"line":1,"column":75}},"1":{"start":{"line":2,"column":0},"end":{"line":2,"column":39}},"2":{"start":{"line":4,"column":15},"end":{"line":86,"column":1}},"3":{"start":{"line":5,"column":2},"end":{"line":85,"column":null}},"4":{"start":{"line":88,"column":0},"end":{"line":88,"column":null}}},"fnMap":{"0":{"name":"(anonymous_0)","decl":{"start":{"line":4,"column":15},"end":{"line":4,"column":18}},"loc":{"start":{"line":4,"column":20},"end":{"line":86,"column":1}}}},"branchMap":{},"s":{"0":0,"1":0,"2":0,"3":0,"4":0},"f":{"0":0},"b":{}}
,"C:\\Users\\Hp\\moodniko-frontend\\src\\components\\Hero.tsx": {"path":"C:\\Users\\Hp\\moodniko-frontend\\src\\components\\Hero.tsx","statementMap":{"0":{"start":{"line":1,"column":0},"end":{"line":1,"column":32}},"1":{"start":{"line":2,"column":0},"end":{"line":2,"column":46}},"2":{"start":{"line":3,"column":0},"end":{"line":3,"column":123}},"3":{"start":{"line":4,"column":0},"end":{"line":4,"column":null}},"4":{"start":{"line":10,"column":0},"end":{"line":10,"column":55}},"5":{"start":{"line":22,"column":13},"end":{"line":572,"column":1}},"6":{"start":{"line":23,"column":19},"end":{"line":23,"column":32}},"7":{"start":{"line":24,"column":42},"end":{"line":24,"column":54}},"8":{"start":{"line":25,"column":58},"end":{"line":25,"column":80}},"9":{"start":{"line":26,"column":66},"end":{"line":26,"column":81}},"10":{"start":{"line":27,"column":56},"end":{"line":27,"column":71}},"11":{"start":{"line":30,"column":16},"end":{"line":30,"column":29}},"12":{"start":{"line":32,"column":23},"end":{"line":37,"column":null}},"13":{"start":{"line":40,"column":32},"end":{"line":278,"column":3}},"14":{"start":{"line":41,"column":55},"end":{"line":270,"column":null}},"15":{"start":{"line":273,"column":23},"end":{"line":273,"column":59}},"16":{"start":{"line":274,"column":4},"end":{"line":276,"column":5}},"17":{"start":{"line":275,"column":6},"end":{"line":275,"column":null}},"18":{"start":{"line":277,"column":4},"end":{"line":277,"column":null}},"19":{"start":{"line":277,"column":37},"end":{"line":277,"column":62}},"20":{"start":{"line":280,"column":27},"end":{"line":285,"column":3}},"21":{"start":{"line":281,"column":4},"end":{"line":281,"column":null}},"22":{"start":{"line":282,"column":4},"end":{"line":282,"column":null}},"23":{"start":{"line":283,"column":4},"end":{"line":283,"column":null}},"24":{"start":{"line":284,"column":4},"end":{"line":284,"column":null}},"25":{"start":{"line":287,"column":34},"end":{"line":295,"column":3}},"26":{"start":{"line":288,"column":4},"end":{"line":294,"column":null}},"27":{"start":{"line":289,"column":6},"end":{"line":293,"column":7}},"28":{"start":{"line":290,"column":8},"end":{"line":290,"column":null}},"29":{"start":{"line":290,"column":33},"end":{"line":290,"column":46}},"30":{"start":{"line":292,"column":8},"end":{"line":292,"column":null}},"31":{"start":{"line":297,"column":35},"end":{"line":301,"column":3}},"32":{"start":{"line":298,"column":4},"end":{"line":300,"column":5}},"33":{"start":{"line":299,"column":6},"end":{"line":299,"column":null}},"34":{"start":{"line":303,"column":22},"end":{"line":311,"column":3}},"35":{"start":{"line":304,"column":4},"end":{"line":310,"column":5}},"36":{"start":{"line":305,"column":20},"end":{"line":305,"column":null}},"37":{"start":{"line":306,"column":20},"end":{"line":306,"column":null}},"38":{"start":{"line":307,"column":19},"end":{"line":307,"column":null}},"39":{"start":{"line":308,"column":22},"end":{"line":308,"column":null}},"40":{"start":{"line":309,"column":15},"end":{"line":309,"column":null}},"41":{"start":{"line":313,"column":32},"end":{"line":315,"column":3}},"42":{"start":{"line":314,"column":4},"end":{"line":314,"column":null}},"43":{"start":{"line":317,"column":20},"end":{"line":322,"column":3}},"44":{"start":{"line":318,"column":4},"end":{"line":318,"column":null}},"45":{"start":{"line":319,"column":4},"end":{"line":319,"column":null}},"46":{"start":{"line":320,"column":4},"end":{"line":320,"column":null}},"47":{"start":{"line":321,"column":4},"end":{"line":321,"column":null}},"48":{"start":{"line":324,"column":2},"end":{"line":571,"column":null}},"49":{"start":{"line":345,"column":14},"end":{"line":346,"column":null}},"50":{"start":{"line":347,"column":31},"end":{"line":347,"column":56}},"51":{"start":{"line":381,"column":16},"end":{"line":382,"column":null}},"52":{"start":{"line":383,"column":33},"end":{"line":383,"column":65}},"53":{"start":{"line":450,"column":16},"end":{"line":450,"column":35}},"54":{"start":{"line":511,"column":35},"end":{"line":511,"column":53}},"55":{"start":{"line":519,"column":35},"end":{"line":519,"column":56}},"56":{"start":{"line":528,"column":31},"end":{"line":528,"column":52}},"57":{"start":{"line":574,"column":0},"end":{"line":574,"column":null}}},"fnMap":{"0":{"name":"(anonymous_0)","decl":{"start":{"line":22,"column":13},"end":{"line":22,"column":16}},"loc":{"start":{"line":22,"column":18},"end":{"line":572,"column":1}}},"1":{"name":"(anonymous_1)","decl":{"start":{"line":40,"column":32},"end":{"line":40,"column":33}},"loc":{"start":{"line":40,"column":82},"end":{"line":278,"column":3}}},"2":{"name":"(anonymous_2)","decl":{"start":{"line":277,"column":29},"end":{"line":277,"column":33}},"loc":{"start":{"line":277,"column":37},"end":{"line":277,"column":62}}},"3":{"name":"(anonymous_3)","decl":{"start":{"line":280,"column":27},"end":{"line":280,"column":28}},"loc":{"start":{"line":280,"column":44},"end":{"line":285,"column":3}}},"4":{"name":"(anonymous_4)","decl":{"start":{"line":287,"column":34},"end":{"line":287,"column":35}},"loc":{"start":{"line":287,"column":53},"end":{"line":295,"column":3}}},"5":{"name":"(anonymous_5)","decl":{"start":{"line":288,"column":28},"end":{"line":288,"column":32}},"loc":{"start":{"line":288,"column":35},"end":{"line":294,"column":5}}},"6":{"name":"(anonymous_6)","decl":{"start":{"line":290,"column":27},"end":{"line":290,"column":29}},"loc":{"start":{"line":290,"column":33},"end":{"line":290,"column":46}}},"7":{"name":"(anonymous_7)","decl":{"start":{"line":297,"column":35},"end":{"line":297,"column":38}},"loc":{"start":{"line":297,"column":40},"end":{"line":301,"column":3}}},"8":{"name":"(anonymous_8)","decl":{"start":{"line":303,"column":22},"end":{"line":303,"column":23}},"loc":{"start":{"line":303,"column":39},"end":{"line":311,"column":3}}},"9":{"name":"(anonymous_9)","decl":{"start":{"line":313,"column":32},"end":{"line":313,"column":33}},"loc":{"start":{"line":313,"column":51},"end":{"line":315,"column":3}}},"10":{"name":"(anonymous_10)","decl":{"start":{"line":317,"column":20},"end":{"line":317,"column":23}},"loc":{"start":{"line":317,"column":25},"end":{"line":322,"column":3}}},"11":{"name":"(anonymous_11)","decl":{"start":{"line":344,"column":23},"end":{"line":344,"column":24}},"loc":{"start":{"line":345,"column":14},"end":{"line":346,"column":null}}},"12":{"name":"(anonymous_12)","decl":{"start":{"line":347,"column":25},"end":{"line":347,"column":28}},"loc":{"start":{"line":347,"column":31},"end":{"line":347,"column":56}}},"13":{"name":"(anonymous_13)","decl":{"start":{"line":380,"column":32},"end":{"line":380,"column":33}},"loc":{"start":{"line":381,"column":16},"end":{"line":382,"column":null}}},"14":{"name":"(anonymous_14)","decl":{"start":{"line":383,"column":27},"end":{"line":383,"column":30}},"loc":{"start":{"line":383,"column":33},"end":{"line":383,"column":65}}},"15":{"name":"(anonymous_15)","decl":{"start":{"line":449,"column":77},"end":{"line":449,"column":78}},"loc":{"start":{"line":450,"column":16},"end":{"line":450,"column":35}}},"16":{"name":"(anonymous_16)","decl":{"start":{"line":511,"column":29},"end":{"line":511,"column":32}},"loc":{"start":{"line":511,"column":35},"end":{"line":511,"column":53}}},"17":{"name":"(anonymous_17)","decl":{"start":{"line":519,"column":29},"end":{"line":519,"column":32}},"loc":{"start":{"line":519,"column":35},"end":{"line":519,"column":56}}},"18":{"name":"(anonymous_18)","decl":{"start":{"line":528,"column":25},"end":{"line":528,"column":28}},"loc":{"start":{"line":528,"column":31},"end":{"line":528,"column":52}}}},"branchMap":{"0":{"loc":{"start":{"line":273,"column":23},"end":{"line":273,"column":59}},"type":"binary-expr","locations":[{"start":{"line":273,"column":23},"end":{"line":273,"column":39}},{"start":{"line":273,"column":43},"end":{"line":273,"column":59}}]},"1":{"loc":{"start":{"line":274,"column":4},"end":{"line":276,"column":5}},"type":"if","locations":[{"start":{"line":274,"column":4},"end":{"line":276,"column":5}},{"start":{},"end":{}}]},"2":{"loc":{"start":{"line":274,"column":8},"end":{"line":274,"column":51}},"type":"binary-expr","locations":[{"start":{"line":274,"column":8},"end":{"line":274,"column":26}},{"start":{"line":274,"column":30},"end":{"line":274,"column":51}}]},"3":{"loc":{"start":{"line":289,"column":6},"end":{"line":293,"column":7}},"type":"if","locations":[{"start":{"line":289,"column":6},"end":{"line":293,"column":7}},{"start":{"line":291,"column":13},"end":{"line":293,"column":7}}]},"4":{"loc":{"start":{"line":298,"column":4},"end":{"line":300,"column":5}},"type":"if","locations":[{"start":{"line":298,"column":4},"end":{"line":300,"column":5}},{"start":{},"end":{}}]},"5":{"loc":{"start":{"line":304,"column":4},"end":{"line":310,"column":5}},"type":"switch","locations":[{"start":{"line":305,"column":6},"end":{"line":305,"column":null}},{"start":{"line":306,"column":6},"end":{"line":306,"column":null}},{"start":{"line":307,"column":6},"end":{"line":307,"column":null}},{"start":{"line":308,"column":6},"end":{"line":308,"column":null}},{"start":{"line":309,"column":6},"end":{"line":309,"column":null}}]},"6":{"loc":{"start":{"line":349,"column":18},"end":{"line":351,"column":null}},"type":"cond-expr","locations":[{"start":{"line":350,"column":22},"end":{"line":350,"column":58}},{"start":{"line":351,"column":22},"end":{"line":351,"column":null}}]},"7":{"loc":{"start":{"line":366,"column":7},"end":{"line":428,"column":null}},"type":"binary-expr","locations":[{"start":{"line":366,"column":7},"end":{"line":366,"column":31}},{"start":{"line":367,"column":8},"end":{"line":427,"column":null}}]},"8":{"loc":{"start":{"line":385,"column":20},"end":{"line":387,"column":null}},"type":"cond-expr","locations":[{"start":{"line":386,"column":24},"end":{"line":386,"column":68}},{"start":{"line":387,"column":24},"end":{"line":387,"column":null}}]},"9":{"loc":{"start":{"line":392,"column":22},"end":{"line":392,"column":null}},"type":"cond-expr","locations":[{"start":{"line":392,"column":63},"end":{"line":392,"column":79}},{"start":{"line":392,"column":82},"end":{"line":392,"column":null}}]},"10":{"loc":{"start":{"line":400,"column":21},"end":{"line":403,"column":null}},"type":"binary-expr","locations":[{"start":{"line":400,"column":21},"end":{"line":400,"column":59}},{"start":{"line":401,"column":22},"end":{"line":402,"column":null}}]},"11":{"loc":{"start":{"line":416,"column":18},"end":{"line":416,"column":null}},"type":"cond-expr","locations":[{"start":{"line":416,"column":54},"end":{"line":416,"column":85}},{"start":{"line":416,"column":88},"end":{"line":416,"column":null}}]},"12":{"loc":{"start":{"line":432,"column":7},"end":{"line":535,"column":null}},"type":"binary-expr","locations":[{"start":{"line":432,"column":7},"end":{"line":432,"column":26}},{"start":{"line":433,"column":8},"end":{"line":534,"column":null}}]}},"s":{"0":1,"1":1,"2":1,"3":1,"4":1,"5":1,"6":22,"7":22,"8":22,"9":22,"10":22,"11":22,"12":22,"13":22,"14":2,"15":2,"16":2,"17":0,"18":2,"19":8,"20":22,"21":6,"22":6,"23":6,"24":6,"25":22,"26":5,"27":5,"28":0,"29":0,"30":5,"31":22,"32":2,"33":2,"34":22,"35":2,"36":2,"37":0,"38":0,"39":0,"40":0,"41":22,"42":15,"43":22,"44":1,"45":1,"46":1,"47":1,"48":22,"49":44,"50":6,"51":52,"52":5,"53":2,"54":0,"55":0,"56":0,"57":1},"f":{"0":22,"1":2,"2":8,"3":6,"4":5,"5":5,"6":0,"7":2,"8":2,"9":15,"10":1,"11":44,"12":6,"13":52,"14":5,"15":2,"16":0,"17":0,"18":0},"b":{"0":[2,0],"1":[0,2],"2":[2,2],"3":[0,5],"4":[2,0],"5":[2,0,0,0,0],"6":[13,31],"7":[22,13],"8":[8,44],"9":[8,44],"10":[52,8],"11":[6,7],"12":[22,2]}}
,"C:\\Users\\Hp\\moodniko-frontend\\src\\components\\Layout.tsx": {"path":"C:\\Users\\Hp\\moodniko-frontend\\src\\components\\Layout.tsx","statementMap":{"0":{"start":{"line":1,"column":0},"end":{"line":1,"column":90}},"1":{"start":{"line":3,"column":0},"end":{"line":3,"column":29}},"2":{"start":{"line":9,"column":15},"end":{"line":98,"column":1}},"3":{"start":{"line":10,"column":2},"end":{"line":97,"column":null}},"4":{"start":{"line":100,"column":0},"end":{"line":100,"column":null}}},"fnMap":{"0":{"name":"(anonymous_1)","decl":{"start":{"line":9,"column":15},"end":{"line":9,"column":16}},"loc":{"start":{"line":9,"column":45},"end":{"line":98,"column":1}}}},"branchMap":{},"s":{"0":0,"1":0,"2":0,"3":0,"4":0},"f":{"0":0},"b":{}}
,"C:\\Users\\Hp\\moodniko-frontend\\src\\components\\MentalHealthResources.tsx": {"path":"C:\\Users\\Hp\\moodniko-frontend\\src\\components\\MentalHealthResources.tsx","statementMap":{"0":{"start":{"line":1,"column":0},"end":{"line":1,"column":101}},"1":{"start":{"line":3,"column":30},"end":{"line":323,"column":1}},"2":{"start":{"line":4,"column":2},"end":{"line":322,"column":null}},"3":{"start":{"line":325,"column":0},"end":{"line":325,"column":null}}},"fnMap":{"0":{"name":"(anonymous_0)","decl":{"start":{"line":3,"column":30},"end":{"line":3,"column":33}},"loc":{"start":{"line":3,"column":35},"end":{"line":323,"column":1}}}},"branchMap":{},"s":{"0":0,"1":0,"2":0,"3":0},"f":{"0":0},"b":{}}
,"C:\\Users\\Hp\\moodniko-frontend\\src\\components\\MoodImageExample.tsx": {"path":"C:\\Users\\Hp\\moodniko-frontend\\src\\components\\MoodImageExample.tsx","statementMap":{"0":{"start":{"line":2,"column":0},"end":{"line":2,"column":92}},"1":{"start":{"line":3,"column":0},"end":{"line":3,"column":55}},"2":{"start":{"line":6,"column":25},"end":{"line":74,"column":1}},"3":{"start":{"line":7,"column":16},"end":{"line":7,"column":29}},"4":{"start":{"line":8,"column":22},"end":{"line":8,"column":67}},"5":{"start":{"line":10,"column":32},"end":{"line":12,"column":3}},"6":{"start":{"line":11,"column":4},"end":{"line":11,"column":null}},"7":{"start":{"line":14,"column":2},"end":{"line":73,"column":null}},"8":{"start":{"line":42,"column":10},"end":{"line":42,"column":29}},"9":{"start":{"line":76,"column":0},"end":{"line":76,"column":null}}},"fnMap":{"0":{"name":"(anonymous_0)","decl":{"start":{"line":6,"column":25},"end":{"line":6,"column":28}},"loc":{"start":{"line":6,"column":30},"end":{"line":74,"column":1}}},"1":{"name":"(anonymous_1)","decl":{"start":{"line":10,"column":32},"end":{"line":10,"column":35}},"loc":{"start":{"line":10,"column":37},"end":{"line":12,"column":3}}},"2":{"name":"(anonymous_2)","decl":{"start":{"line":41,"column":19},"end":{"line":41,"column":20}},"loc":{"start":{"line":42,"column":10},"end":{"line":42,"column":29}}}},"branchMap":{"0":{"loc":{"start":{"line":23,"column":55},"end":{"line":23,"column":119}},"type":"cond-expr","locations":[{"start":{"line":23,"column":89},"end":{"line":23,"column":108}},{"start":{"line":23,"column":111},"end":{"line":23,"column":119}}]},"1":{"loc":{"start":{"line":35,"column":33},"end":{"line":35,"column":90}},"type":"cond-expr","locations":[{"start":{"line":35,"column":68},"end":{"line":35,"column":77}},{"start":{"line":35,"column":80},"end":{"line":35,"column":90}}]}},"s":{"0":0,"1":0,"2":0,"3":0,"4":0,"5":0,"6":0,"7":0,"8":0,"9":0},"f":{"0":0,"1":0,"2":0},"b":{"0":[0,0],"1":[0,0]}}
,"C:\\Users\\Hp\\moodniko-frontend\\src\\components\\MoodTracker.tsx": {"path":"C:\\Users\\Hp\\moodniko-frontend\\src\\components\\MoodTracker.tsx","statementMap":{"0":{"start":{"line":1,"column":0},"end":{"line":1,"column":32}},"1":{"start":{"line":2,"column":0},"end":{"line":2,"column":85}},"2":{"start":{"line":3,"column":0},"end":{"line":3,"column":null}},"3":{"start":{"line":30,"column":20},"end":{"line":492,"column":1}},"4":{"start":{"line":31,"column":36},"end":{"line":31,"column":51}},"5":{"start":{"line":32,"column":42},"end":{"line":32,"column":54}},"6":{"start":{"line":33,"column":40},"end":{"line":88,"column":4}},"7":{"start":{"line":91,"column":16},"end":{"line":91,"column":29}},"8":{"start":{"line":93,"column":21},"end":{"line":96,"column":null}},"9":{"start":{"line":98,"column":25},"end":{"line":101,"column":null}},"10":{"start":{"line":105,"column":26},"end":{"line":125,"column":3}},"11":{"start":{"line":106,"column":32},"end":{"line":123,"column":null}},"12":{"start":{"line":124,"column":4},"end":{"line":124,"column":null}},"13":{"start":{"line":124,"column":27},"end":{"line":124,"column":46}},"14":{"start":{"line":127,"column":29},"end":{"line":131,"column":3}},"15":{"start":{"line":128,"column":4},"end":{"line":128,"column":null}},"16":{"start":{"line":130,"column":4},"end":{"line":130,"column":null}},"17":{"start":{"line":133,"column":25},"end":{"line":135,"column":3}},"18":{"start":{"line":134,"column":4},"end":{"line":134,"column":null}},"19":{"start":{"line":137,"column":23},"end":{"line":147,"column":3}},"20":{"start":{"line":138,"column":4},"end":{"line":138,"column":null}},"21":{"start":{"line":138,"column":28},"end":{"line":138,"column":null}},"22":{"start":{"line":140,"column":24},"end":{"line":140,"column":71}},"23":{"start":{"line":140,"column":57},"end":{"line":140,"column":70}},"24":{"start":{"line":141,"column":26},"end":{"line":141,"column":89}},"25":{"start":{"line":142,"column":26},"end":{"line":142,"column":89}},"26":{"start":{"line":142,"column":53},"end":{"line":142,"column":81}},"27":{"start":{"line":144,"column":4},"end":{"line":144,"column":null}},"28":{"start":{"line":144,"column":28},"end":{"line":144,"column":null}},"29":{"start":{"line":145,"column":4},"end":{"line":145,"column":null}},"30":{"start":{"line":145,"column":29},"end":{"line":145,"column":null}},"31":{"start":{"line":146,"column":4},"end":{"line":146,"column":null}},"32":{"start":{"line":149,"column":2},"end":{"line":491,"column":null}},"33":{"start":{"line":175,"column":14},"end":{"line":176,"column":null}},"34":{"start":{"line":177,"column":31},"end":{"line":177,"column":55}},"35":{"start":{"line":191,"column":29},"end":{"line":191,"column":47}},"36":{"start":{"line":233,"column":90},"end":{"line":233,"column":111}},"37":{"start":{"line":257,"column":16},"end":{"line":257,"column":36}},"38":{"start":{"line":333,"column":31},"end":{"line":333,"column":50}},"39":{"start":{"line":346,"column":20},"end":{"line":347,"column":null}},"40":{"start":{"line":349,"column":37},"end":{"line":349,"column":61}},"41":{"start":{"line":414,"column":22},"end":{"line":414,"column":46}},"42":{"start":{"line":423,"column":22},"end":{"line":423,"column":45}},"43":{"start":{"line":477,"column":33},"end":{"line":477,"column":52}},"44":{"start":{"line":494,"column":0},"end":{"line":494,"column":null}}},"fnMap":{"0":{"name":"(anonymous_0)","decl":{"start":{"line":30,"column":20},"end":{"line":30,"column":23}},"loc":{"start":{"line":30,"column":25},"end":{"line":492,"column":1}}},"1":{"name":"(anonymous_1)","decl":{"start":{"line":105,"column":26},"end":{"line":105,"column":27}},"loc":{"start":{"line":105,"column":45},"end":{"line":125,"column":3}}},"2":{"name":"(anonymous_2)","decl":{"start":{"line":124,"column":19},"end":{"line":124,"column":23}},"loc":{"start":{"line":124,"column":27},"end":{"line":124,"column":46}}},"3":{"name":"(anonymous_3)","decl":{"start":{"line":127,"column":29},"end":{"line":127,"column":30}},"loc":{"start":{"line":127,"column":52},"end":{"line":131,"column":3}}},"4":{"name":"(anonymous_4)","decl":{"start":{"line":133,"column":25},"end":{"line":133,"column":26}},"loc":{"start":{"line":133,"column":44},"end":{"line":135,"column":3}}},"5":{"name":"(anonymous_5)","decl":{"start":{"line":137,"column":23},"end":{"line":137,"column":24}},"loc":{"start":{"line":137,"column":48},"end":{"line":147,"column":3}}},"6":{"name":"(anonymous_6)","decl":{"start":{"line":140,"column":48},"end":{"line":140,"column":53}},"loc":{"start":{"line":140,"column":57},"end":{"line":140,"column":70}}},"7":{"name":"(anonymous_7)","decl":{"start":{"line":142,"column":45},"end":{"line":142,"column":49}},"loc":{"start":{"line":142,"column":53},"end":{"line":142,"column":81}}},"8":{"name":"(anonymous_8)","decl":{"start":{"line":174,"column":23},"end":{"line":174,"column":24}},"loc":{"start":{"line":175,"column":14},"end":{"line":176,"column":null}}},"9":{"name":"(anonymous_9)","decl":{"start":{"line":177,"column":25},"end":{"line":177,"column":28}},"loc":{"start":{"line":177,"column":31},"end":{"line":177,"column":55}}},"10":{"name":"(anonymous_10)","decl":{"start":{"line":191,"column":23},"end":{"line":191,"column":26}},"loc":{"start":{"line":191,"column":29},"end":{"line":191,"column":47}}},"11":{"name":"(anonymous_11)","decl":{"start":{"line":233,"column":74},"end":{"line":233,"column":75}},"loc":{"start":{"line":233,"column":90},"end":{"line":233,"column":111}}},"12":{"name":"(anonymous_12)","decl":{"start":{"line":256,"column":31},"end":{"line":256,"column":32}},"loc":{"start":{"line":257,"column":16},"end":{"line":257,"column":36}}},"13":{"name":"(anonymous_13)","decl":{"start":{"line":333,"column":25},"end":{"line":333,"column":28}},"loc":{"start":{"line":333,"column":31},"end":{"line":333,"column":50}}},"14":{"name":"(anonymous_14)","decl":{"start":{"line":345,"column":29},"end":{"line":345,"column":30}},"loc":{"start":{"line":346,"column":20},"end":{"line":347,"column":null}}},"15":{"name":"(anonymous_15)","decl":{"start":{"line":349,"column":31},"end":{"line":349,"column":34}},"loc":{"start":{"line":349,"column":37},"end":{"line":349,"column":61}}},"16":{"name":"(anonymous_16)","decl":{"start":{"line":413,"column":36},"end":{"line":413,"column":44}},"loc":{"start":{"line":414,"column":22},"end":{"line":414,"column":46}}},"17":{"name":"(anonymous_17)","decl":{"start":{"line":422,"column":40},"end":{"line":422,"column":47}},"loc":{"start":{"line":423,"column":22},"end":{"line":423,"column":45}}},"18":{"name":"(anonymous_18)","decl":{"start":{"line":477,"column":27},"end":{"line":477,"column":30}},"loc":{"start":{"line":477,"column":33},"end":{"line":477,"column":52}}}},"branchMap":{"0":{"loc":{"start":{"line":138,"column":4},"end":{"line":138,"column":null}},"type":"if","locations":[{"start":{"line":138,"column":4},"end":{"line":138,"column":null}},{"start":{},"end":{}}]},"1":{"loc":{"start":{"line":144,"column":4},"end":{"line":144,"column":null}},"type":"if","locations":[{"start":{"line":144,"column":4},"end":{"line":144,"column":null}},{"start":{},"end":{}}]},"2":{"loc":{"start":{"line":145,"column":4},"end":{"line":145,"column":null}},"type":"if","locations":[{"start":{"line":145,"column":4},"end":{"line":145,"column":null}},{"start":{},"end":{}}]},"3":{"loc":{"start":{"line":208,"column":13},"end":{"line":216,"column":null}},"type":"binary-expr","locations":[{"start":{"line":208,"column":13},"end":{"line":208,"column":35}},{"start":{"line":209,"column":14},"end":{"line":215,"column":null}}]},"4":{"loc":{"start":{"line":233,"column":19},"end":{"line":233,"column":141}},"type":"cond-expr","locations":[{"start":{"line":233,"column":44},"end":{"line":233,"column":137}},{"start":{"line":233,"column":140},"end":{"line":233,"column":141}}]},"5":{"loc":{"start":{"line":247,"column":11},"end":{"line":321,"column":null}},"type":"cond-expr","locations":[{"start":{"line":248,"column":12},"end":{"line":252,"column":null}},{"start":{"line":255,"column":12},"end":{"line":320,"column":null}}]},"6":{"loc":{"start":{"line":298,"column":19},"end":{"line":302,"column":null}},"type":"binary-expr","locations":[{"start":{"line":298,"column":19},"end":{"line":298,"column":30}},{"start":{"line":299,"column":20},"end":{"line":301,"column":null}}]},"7":{"loc":{"start":{"line":327,"column":7},"end":{"line":488,"column":null}},"type":"binary-expr","locations":[{"start":{"line":327,"column":7},"end":{"line":327,"column":16}},{"start":{"line":328,"column":8},"end":{"line":487,"column":null}}]},"8":{"loc":{"start":{"line":351,"column":24},"end":{"line":353,"column":null}},"type":"cond-expr","locations":[{"start":{"line":352,"column":28},"end":{"line":352,"column":54}},{"start":{"line":353,"column":28},"end":{"line":353,"column":null}}]},"9":{"loc":{"start":{"line":369,"column":30},"end":{"line":369,"column":107}},"type":"cond-expr","locations":[{"start":{"line":369,"column":45},"end":{"line":369,"column":75}},{"start":{"line":369,"column":78},"end":{"line":369,"column":107}}]}},"s":{"0":0,"1":0,"2":0,"3":0,"4":0,"5":0,"6":0,"7":0,"8":0,"9":0,"10":0,"11":0,"12":0,"13":0,"14":0,"15":0,"16":0,"17":0,"18":0,"19":0,"20":0,"21":0,"22":0,"23":0,"24":0,"25":0,"26":0,"27":0,"28":0,"29":0,"30":0,"31":0,"32":0,"33":0,"34":0,"35":0,"36":0,"37":0,"38":0,"39":0,"40":0,"41":0,"42":0,"43":0,"44":0},"f":{"0":0,"1":0,"2":0,"3":0,"4":0,"5":0,"6":0,"7":0,"8":0,"9":0,"10":0,"11":0,"12":0,"13":0,"14":0,"15":0,"16":0,"17":0,"18":0},"b":{"0":[0,0],"1":[0,0],"2":[0,0],"3":[0,0],"4":[0,0],"5":[0,0],"6":[0,0],"7":[0,0],"8":[0,0],"9":[0,0]}}
,"C:\\Users\\Hp\\moodniko-frontend\\src\\components\\PrivacyPolicy.tsx": {"path":"C:\\Users\\Hp\\moodniko-frontend\\src\\components\\PrivacyPolicy.tsx","statementMap":{"0":{"start":{"line":1,"column":0},"end":{"line":1,"column":72}},"1":{"start":{"line":3,"column":22},"end":{"line":199,"column":1}},"2":{"start":{"line":4,"column":2},"end":{"line":198,"column":null}},"3":{"start":{"line":201,"column":0},"end":{"line":201,"column":null}}},"fnMap":{"0":{"name":"(anonymous_0)","decl":{"start":{"line":3,"column":22},"end":{"line":3,"column":25}},"loc":{"start":{"line":3,"column":27},"end":{"line":199,"column":1}}}},"branchMap":{},"s":{"0":0,"1":0,"2":0,"3":0},"f":{"0":0},"b":{}}
,"C:\\Users\\Hp\\moodniko-frontend\\src\\components\\Stats.tsx": {"path":"C:\\Users\\Hp\\moodniko-frontend\\src\\components\\Stats.tsx","statementMap":{"0":{"start":{"line":1,"column":0},"end":{"line":1,"column":75}},"1":{"start":{"line":2,"column":0},"end":{"line":2,"column":46}},"2":{"start":{"line":4,"column":14},"end":{"line":130,"column":1}},"3":{"start":{"line":5,"column":19},"end":{"line":5,"column":32}},"4":{"start":{"line":6,"column":16},"end":{"line":43,"column":null}},"5":{"start":{"line":45,"column":2},"end":{"line":129,"column":null}},"6":{"start":{"line":62,"column":12},"end":{"line":62,"column":29}},"7":{"start":{"line":121,"column":27},"end":{"line":121,"column":45}},"8":{"start":{"line":132,"column":0},"end":{"line":132,"column":null}}},"fnMap":{"0":{"name":"(anonymous_0)","decl":{"start":{"line":4,"column":14},"end":{"line":4,"column":17}},"loc":{"start":{"line":4,"column":19},"end":{"line":130,"column":1}}},"1":{"name":"(anonymous_1)","decl":{"start":{"line":61,"column":21},"end":{"line":61,"column":22}},"loc":{"start":{"line":62,"column":12},"end":{"line":62,"column":29}}},"2":{"name":"(anonymous_2)","decl":{"start":{"line":121,"column":21},"end":{"line":121,"column":24}},"loc":{"start":{"line":121,"column":27},"end":{"line":121,"column":45}}}},"branchMap":{},"s":{"0":0,"1":0,"2":0,"3":0,"4":0,"5":0,"6":0,"7":0,"8":0},"f":{"0":0,"1":0,"2":0},"b":{}}
,"C:\\Users\\Hp\\moodniko-frontend\\src\\components\\TermsOfService.tsx": {"path":"C:\\Users\\Hp\\moodniko-frontend\\src\\components\\TermsOfService.tsx","statementMap":{"0":{"start":{"line":1,"column":0},"end":{"line":1,"column":89}},"1":{"start":{"line":3,"column":23},"end":{"line":263,"column":1}},"2":{"start":{"line":4,"column":2},"end":{"line":262,"column":null}},"3":{"start":{"line":265,"column":0},"end":{"line":265,"column":null}}},"fnMap":{"0":{"name":"(anonymous_0)","decl":{"start":{"line":3,"column":23},"end":{"line":3,"column":26}},"loc":{"start":{"line":3,"column":28},"end":{"line":263,"column":1}}}},"branchMap":{},"s":{"0":0,"1":0,"2":0,"3":0},"f":{"0":0},"b":{}}
,"C:\\Users\\Hp\\moodniko-frontend\\src\\components\\analytics\\Analytics.tsx": {"path":"C:\\Users\\Hp\\moodniko-frontend\\src\\components\\analytics\\Analytics.tsx","statementMap":{"0":{"start":{"line":1,"column":0},"end":{"line":1,"column":41}},"1":{"start":{"line":2,"column":0},"end":{"line":2,"column":null}},"2":{"start":{"line":28,"column":18},"end":{"line":525,"column":1}},"3":{"start":{"line":29,"column":36},"end":{"line":29,"column":80}},"4":{"start":{"line":30,"column":46},"end":{"line":30,"column":102}},"5":{"start":{"line":32,"column":21},"end":{"line":37,"column":null}},"6":{"start":{"line":39,"column":18},"end":{"line":43,"column":null}},"7":{"start":{"line":46,"column":20},"end":{"line":96,"column":30}},"8":{"start":{"line":47,"column":26},"end":{"line":47,"column":72}},"9":{"start":{"line":49,"column":4},"end":{"line":57,"column":5}},"10":{"start":{"line":50,"column":6},"end":{"line":56,"column":null}},"11":{"start":{"line":59,"column":24},"end":{"line":59,"column":107}},"12":{"start":{"line":59,"column":60},"end":{"line":59,"column":80}},"13":{"start":{"line":62,"column":24},"end":{"line":62,"column":47}},"14":{"start":{"line":63,"column":23},"end":{"line":63,"column":49}},"15":{"start":{"line":64,"column":20},"end":{"line":64,"column":29}},"16":{"start":{"line":66,"column":4},"end":{"line":70,"column":5}},"17":{"start":{"line":67,"column":24},"end":{"line":67,"column":103}},"18":{"start":{"line":67,"column":58},"end":{"line":67,"column":78}},"19":{"start":{"line":68,"column":23},"end":{"line":68,"column":100}},"20":{"start":{"line":68,"column":56},"end":{"line":68,"column":76}},"21":{"start":{"line":69,"column":6},"end":{"line":69,"column":null}},"22":{"start":{"line":73,"column":47},"end":{"line":73,"column":49}},"23":{"start":{"line":74,"column":4},"end":{"line":76,"column":null}},"24":{"start":{"line":75,"column":6},"end":{"line":75,"column":null}},"25":{"start":{"line":77,"column":20},"end":{"line":77,"column":92}},"26":{"start":{"line":77,"column":68},"end":{"line":77,"column":73}},"27":{"start":{"line":80,"column":17},"end":{"line":80,"column":18}},"28":{"start":{"line":81,"column":4},"end":{"line":87,"column":5}},"29":{"start":{"line":81,"column":17},"end":{"line":81,"column":41}},"30":{"start":{"line":82,"column":6},"end":{"line":86,"column":7}},"31":{"start":{"line":83,"column":8},"end":{"line":83,"column":null}},"32":{"start":{"line":85,"column":8},"end":{"line":85,"column":13}},"33":{"start":{"line":89,"column":4},"end":{"line":95,"column":null}},"34":{"start":{"line":99,"column":26},"end":{"line":120,"column":31}},"35":{"start":{"line":100,"column":28},"end":{"line":100,"column":77}},"36":{"start":{"line":102,"column":47},"end":{"line":102,"column":49}},"37":{"start":{"line":103,"column":47},"end":{"line":103,"column":49}},"38":{"start":{"line":105,"column":4},"end":{"line":108,"column":null}},"39":{"start":{"line":106,"column":6},"end":{"line":106,"column":null}},"40":{"start":{"line":107,"column":6},"end":{"line":107,"column":null}},"41":{"start":{"line":110,"column":27},"end":{"line":110,"column":99}},"42":{"start":{"line":110,"column":75},"end":{"line":110,"column":80}},"43":{"start":{"line":111,"column":20},"end":{"line":111,"column":92}},"44":{"start":{"line":111,"column":68},"end":{"line":111,"column":73}},"45":{"start":{"line":113,"column":4},"end":{"line":119,"column":null}},"46":{"start":{"line":122,"column":33},"end":{"line":142,"column":3}},"47":{"start":{"line":123,"column":16},"end":{"line":123,"column":26}},"48":{"start":{"line":124,"column":19},"end":{"line":124,"column":29}},"49":{"start":{"line":126,"column":4},"end":{"line":139,"column":5}},"50":{"start":{"line":128,"column":8},"end":{"line":128,"column":null}},"51":{"start":{"line":129,"column":8},"end":{"line":129,"column":13}},"52":{"start":{"line":131,"column":8},"end":{"line":131,"column":null}},"53":{"start":{"line":132,"column":8},"end":{"line":132,"column":13}},"54":{"start":{"line":134,"column":8},"end":{"line":134,"column":null}},"55":{"start":{"line":135,"column":8},"end":{"line":135,"column":13}},"56":{"start":{"line":137,"column":8},"end":{"line":137,"column":null}},"57":{"start":{"line":138,"column":8},"end":{"line":138,"column":13}},"58":{"start":{"line":141,"column":4},"end":{"line":141,"column":null}},"59":{"start":{"line":141,"column":32},"end":{"line":141,"column":66}},"60":{"start":{"line":144,"column":35},"end":{"line":164,"column":3}},"61":{"start":{"line":145,"column":16},"end":{"line":145,"column":26}},"62":{"start":{"line":146,"column":19},"end":{"line":146,"column":29}},"63":{"start":{"line":148,"column":4},"end":{"line":161,"column":5}},"64":{"start":{"line":150,"column":8},"end":{"line":150,"column":null}},"65":{"start":{"line":151,"column":8},"end":{"line":151,"column":13}},"66":{"start":{"line":153,"column":8},"end":{"line":153,"column":null}},"67":{"start":{"line":154,"column":8},"end":{"line":154,"column":13}},"68":{"start":{"line":156,"column":8},"end":{"line":156,"column":null}},"69":{"start":{"line":157,"column":8},"end":{"line":157,"column":13}},"70":{"start":{"line":159,"column":8},"end":{"line":159,"column":null}},"71":{"start":{"line":160,"column":8},"end":{"line":160,"column":13}},"72":{"start":{"line":163,"column":4},"end":{"line":163,"column":null}},"73":{"start":{"line":163,"column":34},"end":{"line":163,"column":66}},"74":{"start":{"line":166,"column":27},"end":{"line":172,"column":3}},"75":{"start":{"line":167,"column":4},"end":{"line":171,"column":5}},"76":{"start":{"line":168,"column":24},"end":{"line":168,"column":null}},"77":{"start":{"line":169,"column":24},"end":{"line":169,"column":null}},"78":{"start":{"line":170,"column":15},"end":{"line":170,"column":null}},"79":{"start":{"line":174,"column":28},"end":{"line":180,"column":3}},"80":{"start":{"line":175,"column":4},"end":{"line":179,"column":5}},"81":{"start":{"line":176,"column":24},"end":{"line":176,"column":null}},"82":{"start":{"line":177,"column":24},"end":{"line":177,"column":null}},"83":{"start":{"line":178,"column":15},"end":{"line":178,"column":null}},"84":{"start":{"line":182,"column":29},"end":{"line":190,"column":3}},"85":{"start":{"line":183,"column":4},"end":{"line":189,"column":5}},"86":{"start":{"line":184,"column":20},"end":{"line":184,"column":null}},"87":{"start":{"line":185,"column":20},"end":{"line":185,"column":null}},"88":{"start":{"line":186,"column":19},"end":{"line":186,"column":null}},"89":{"start":{"line":187,"column":22},"end":{"line":187,"column":null}},"90":{"start":{"line":188,"column":15},"end":{"line":188,"column":null}},"91":{"start":{"line":192,"column":27},"end":{"line":264,"column":null}},"92":{"start":{"line":193,"column":4},"end":{"line":263,"column":null}},"93":{"start":{"line":267,"column":32},"end":{"line":353,"column":null}},"94":{"start":{"line":268,"column":4},"end":{"line":352,"column":null}},"95":{"start":{"line":314,"column":14},"end":{"line":314,"column":30}},"96":{"start":{"line":337,"column":14},"end":{"line":337,"column":30}},"97":{"start":{"line":356,"column":32},"end":{"line":450,"column":null}},"98":{"start":{"line":357,"column":4},"end":{"line":449,"column":null}},"99":{"start":{"line":453,"column":2},"end":{"line":524,"column":null}},"100":{"start":{"line":483,"column":14},"end":{"line":484,"column":null}},"101":{"start":{"line":485,"column":31},"end":{"line":485,"column":87}},"102":{"start":{"line":503,"column":12},"end":{"line":504,"column":null}},"103":{"start":{"line":505,"column":45},"end":{"line":505,"column":118}},"104":{"start":{"line":527,"column":0},"end":{"line":527,"column":null}}},"fnMap":{"0":{"name":"(anonymous_0)","decl":{"start":{"line":28,"column":18},"end":{"line":28,"column":19}},"loc":{"start":{"line":28,"column":105},"end":{"line":525,"column":1}}},"1":{"name":"(anonymous_1)","decl":{"start":{"line":46,"column":28},"end":{"line":46,"column":31}},"loc":{"start":{"line":46,"column":33},"end":{"line":96,"column":3}}},"2":{"name":"(anonymous_2)","decl":{"start":{"line":59,"column":45},"end":{"line":59,"column":46}},"loc":{"start":{"line":59,"column":60},"end":{"line":59,"column":80}}},"3":{"name":"(anonymous_3)","decl":{"start":{"line":67,"column":43},"end":{"line":67,"column":44}},"loc":{"start":{"line":67,"column":58},"end":{"line":67,"column":78}}},"4":{"name":"(anonymous_4)","decl":{"start":{"line":68,"column":41},"end":{"line":68,"column":42}},"loc":{"start":{"line":68,"column":56},"end":{"line":68,"column":76}}},"5":{"name":"(anonymous_5)","decl":{"start":{"line":74,"column":26},"end":{"line":74,"column":30}},"loc":{"start":{"line":74,"column":33},"end":{"line":76,"column":5}}},"6":{"name":"(anonymous_6)","decl":{"start":{"line":77,"column":52},"end":{"line":77,"column":53}},"loc":{"start":{"line":77,"column":68},"end":{"line":77,"column":73}}},"7":{"name":"(anonymous_7)","decl":{"start":{"line":99,"column":34},"end":{"line":99,"column":37}},"loc":{"start":{"line":99,"column":39},"end":{"line":120,"column":3}}},"8":{"name":"(anonymous_8)","decl":{"start":{"line":105,"column":28},"end":{"line":105,"column":32}},"loc":{"start":{"line":105,"column":35},"end":{"line":108,"column":5}}},"9":{"name":"(anonymous_9)","decl":{"start":{"line":110,"column":59},"end":{"line":110,"column":60}},"loc":{"start":{"line":110,"column":75},"end":{"line":110,"column":80}}},"10":{"name":"(anonymous_10)","decl":{"start":{"line":111,"column":52},"end":{"line":111,"column":53}},"loc":{"start":{"line":111,"column":68},"end":{"line":111,"column":73}}},"11":{"name":"(anonymous_11)","decl":{"start":{"line":122,"column":33},"end":{"line":122,"column":34}},"loc":{"start":{"line":122,"column":66},"end":{"line":142,"column":3}}},"12":{"name":"(anonymous_12)","decl":{"start":{"line":141,"column":24},"end":{"line":141,"column":28}},"loc":{"start":{"line":141,"column":32},"end":{"line":141,"column":66}}},"13":{"name":"(anonymous_13)","decl":{"start":{"line":144,"column":35},"end":{"line":144,"column":36}},"loc":{"start":{"line":144,"column":78},"end":{"line":164,"column":3}}},"14":{"name":"(anonymous_14)","decl":{"start":{"line":163,"column":26},"end":{"line":163,"column":30}},"loc":{"start":{"line":163,"column":34},"end":{"line":163,"column":66}}},"15":{"name":"(anonymous_15)","decl":{"start":{"line":166,"column":27},"end":{"line":166,"column":28}},"loc":{"start":{"line":166,"column":45},"end":{"line":172,"column":3}}},"16":{"name":"(anonymous_16)","decl":{"start":{"line":174,"column":28},"end":{"line":174,"column":29}},"loc":{"start":{"line":174,"column":46},"end":{"line":180,"column":3}}},"17":{"name":"(anonymous_17)","decl":{"start":{"line":182,"column":29},"end":{"line":182,"column":30}},"loc":{"start":{"line":182,"column":46},"end":{"line":190,"column":3}}},"18":{"name":"(anonymous_18)","decl":{"start":{"line":192,"column":27},"end":{"line":192,"column":30}},"loc":{"start":{"line":193,"column":4},"end":{"line":263,"column":null}}},"19":{"name":"(anonymous_19)","decl":{"start":{"line":267,"column":32},"end":{"line":267,"column":35}},"loc":{"start":{"line":268,"column":4},"end":{"line":352,"column":null}}},"20":{"name":"(anonymous_20)","decl":{"start":{"line":313,"column":66},"end":{"line":313,"column":67}},"loc":{"start":{"line":314,"column":14},"end":{"line":314,"column":30}}},"21":{"name":"(anonymous_21)","decl":{"start":{"line":336,"column":66},"end":{"line":336,"column":67}},"loc":{"start":{"line":337,"column":14},"end":{"line":337,"column":30}}},"22":{"name":"(anonymous_22)","decl":{"start":{"line":356,"column":32},"end":{"line":356,"column":35}},"loc":{"start":{"line":357,"column":4},"end":{"line":449,"column":null}}},"23":{"name":"(anonymous_23)","decl":{"start":{"line":482,"column":28},"end":{"line":482,"column":29}},"loc":{"start":{"line":483,"column":14},"end":{"line":484,"column":null}}},"24":{"name":"(anonymous_24)","decl":{"start":{"line":485,"column":25},"end":{"line":485,"column":28}},"loc":{"start":{"line":485,"column":31},"end":{"line":485,"column":87}}},"25":{"name":"(anonymous_25)","decl":{"start":{"line":502,"column":23},"end":{"line":502,"column":24}},"loc":{"start":{"line":503,"column":12},"end":{"line":504,"column":null}}},"26":{"name":"(anonymous_26)","decl":{"start":{"line":505,"column":39},"end":{"line":505,"column":42}},"loc":{"start":{"line":505,"column":45},"end":{"line":505,"column":118}}}},"branchMap":{"0":{"loc":{"start":{"line":49,"column":4},"end":{"line":57,"column":5}},"type":"if","locations":[{"start":{"line":49,"column":4},"end":{"line":57,"column":5}},{"start":{},"end":{}}]},"1":{"loc":{"start":{"line":66,"column":4},"end":{"line":70,"column":5}},"type":"if","locations":[{"start":{"line":66,"column":4},"end":{"line":70,"column":5}},{"start":{},"end":{}}]},"2":{"loc":{"start":{"line":66,"column":8},"end":{"line":66,"column":55}},"type":"binary-expr","locations":[{"start":{"line":66,"column":8},"end":{"line":66,"column":30}},{"start":{"line":66,"column":34},"end":{"line":66,"column":55}}]},"3":{"loc":{"start":{"line":69,"column":18},"end":{"line":69,"column":100}},"type":"cond-expr","locations":[{"start":{"line":69,"column":41},"end":{"line":69,"column":52}},{"start":{"line":69,"column":55},"end":{"line":69,"column":100}}]},"4":{"loc":{"start":{"line":69,"column":55},"end":{"line":69,"column":100}},"type":"cond-expr","locations":[{"start":{"line":69,"column":78},"end":{"line":69,"column":89}},{"start":{"line":69,"column":92},"end":{"line":69,"column":100}}]},"5":{"loc":{"start":{"line":75,"column":35},"end":{"line":75,"column":65}},"type":"binary-expr","locations":[{"start":{"line":75,"column":35},"end":{"line":75,"column":60}},{"start":{"line":75,"column":64},"end":{"line":75,"column":65}}]},"6":{"loc":{"start":{"line":77,"column":20},"end":{"line":77,"column":92}},"type":"binary-expr","locations":[{"start":{"line":77,"column":20},"end":{"line":77,"column":82}},{"start":{"line":77,"column":86},"end":{"line":77,"column":92}}]},"7":{"loc":{"start":{"line":77,"column":20},"end":{"line":77,"column":82}},"type":"cond-expr","locations":[{"start":{"line":77,"column":77},"end":{"line":77,"column":80}},{"start":{"line":77,"column":77},"end":{"line":77,"column":82}}]},"8":{"loc":{"start":{"line":77,"column":20},"end":{"line":77,"column":80}},"type":"binary-expr","locations":[{"start":{"line":77,"column":20},"end":{"line":77,"column":80}},{"start":{"line":77,"column":77},"end":{"line":77,"column":80}}]},"9":{"loc":{"start":{"line":82,"column":6},"end":{"line":86,"column":7}},"type":"if","locations":[{"start":{"line":82,"column":6},"end":{"line":86,"column":7}},{"start":{"line":84,"column":13},"end":{"line":86,"column":7}}]},"10":{"loc":{"start":{"line":106,"column":39},"end":{"line":106,"column":73}},"type":"binary-expr","locations":[{"start":{"line":106,"column":39},"end":{"line":106,"column":68}},{"start":{"line":106,"column":72},"end":{"line":106,"column":73}}]},"11":{"loc":{"start":{"line":107,"column":39},"end":{"line":107,"column":73}},"type":"binary-expr","locations":[{"start":{"line":107,"column":39},"end":{"line":107,"column":68}},{"start":{"line":107,"column":72},"end":{"line":107,"column":73}}]},"12":{"loc":{"start":{"line":110,"column":27},"end":{"line":110,"column":99}},"type":"binary-expr","locations":[{"start":{"line":110,"column":27},"end":{"line":110,"column":89}},{"start":{"line":110,"column":93},"end":{"line":110,"column":99}}]},"13":{"loc":{"start":{"line":110,"column":27},"end":{"line":110,"column":89}},"type":"cond-expr","locations":[{"start":{"line":110,"column":84},"end":{"line":110,"column":87}},{"start":{"line":110,"column":84},"end":{"line":110,"column":89}}]},"14":{"loc":{"start":{"line":110,"column":27},"end":{"line":110,"column":87}},"type":"binary-expr","locations":[{"start":{"line":110,"column":27},"end":{"line":110,"column":87}},{"start":{"line":110,"column":84},"end":{"line":110,"column":87}}]},"15":{"loc":{"start":{"line":111,"column":20},"end":{"line":111,"column":92}},"type":"binary-expr","locations":[{"start":{"line":111,"column":20},"end":{"line":111,"column":82}},{"start":{"line":111,"column":86},"end":{"line":111,"column":92}}]},"16":{"loc":{"start":{"line":111,"column":20},"end":{"line":111,"column":82}},"type":"cond-expr","locations":[{"start":{"line":111,"column":77},"end":{"line":111,"column":80}},{"start":{"line":111,"column":77},"end":{"line":111,"column":82}}]},"17":{"loc":{"start":{"line":111,"column":20},"end":{"line":111,"column":80}},"type":"binary-expr","locations":[{"start":{"line":111,"column":20},"end":{"line":111,"column":80}},{"start":{"line":111,"column":77},"end":{"line":111,"column":80}}]},"18":{"loc":{"start":{"line":126,"column":4},"end":{"line":139,"column":5}},"type":"switch","locations":[{"start":{"line":127,"column":6},"end":{"line":129,"column":13}},{"start":{"line":130,"column":6},"end":{"line":132,"column":13}},{"start":{"line":133,"column":6},"end":{"line":135,"column":13}},{"start":{"line":136,"column":6},"end":{"line":138,"column":13}}]},"19":{"loc":{"start":{"line":148,"column":4},"end":{"line":161,"column":5}},"type":"switch","locations":[{"start":{"line":149,"column":6},"end":{"line":151,"column":13}},{"start":{"line":152,"column":6},"end":{"line":154,"column":13}},{"start":{"line":155,"column":6},"end":{"line":157,"column":13}},{"start":{"line":158,"column":6},"end":{"line":160,"column":13}}]},"20":{"loc":{"start":{"line":167,"column":4},"end":{"line":171,"column":5}},"type":"switch","locations":[{"start":{"line":168,"column":6},"end":{"line":168,"column":null}},{"start":{"line":169,"column":6},"end":{"line":169,"column":null}},{"start":{"line":170,"column":6},"end":{"line":170,"column":null}}]},"21":{"loc":{"start":{"line":175,"column":4},"end":{"line":179,"column":5}},"type":"switch","locations":[{"start":{"line":176,"column":6},"end":{"line":176,"column":null}},{"start":{"line":177,"column":6},"end":{"line":177,"column":null}},{"start":{"line":178,"column":6},"end":{"line":178,"column":null}}]},"22":{"loc":{"start":{"line":183,"column":4},"end":{"line":189,"column":5}},"type":"switch","locations":[{"start":{"line":184,"column":6},"end":{"line":184,"column":null}},{"start":{"line":185,"column":6},"end":{"line":185,"column":null}},{"start":{"line":186,"column":6},"end":{"line":186,"column":null}},{"start":{"line":187,"column":6},"end":{"line":187,"column":null}},{"start":{"line":188,"column":6},"end":{"line":188,"column":null}}]},"23":{"loc":{"start":{"line":413,"column":11},"end":{"line":422,"column":null}},"type":"binary-expr","locations":[{"start":{"line":413,"column":11},"end":{"line":413,"column":47}},{"start":{"line":414,"column":12},"end":{"line":421,"column":null}}]},"24":{"loc":{"start":{"line":425,"column":11},"end":{"line":434,"column":null}},"type":"binary-expr","locations":[{"start":{"line":425,"column":11},"end":{"line":425,"column":55}},{"start":{"line":426,"column":12},"end":{"line":433,"column":null}}]},"25":{"loc":{"start":{"line":437,"column":11},"end":{"line":446,"column":null}},"type":"binary-expr","locations":[{"start":{"line":437,"column":11},"end":{"line":437,"column":48}},{"start":{"line":438,"column":12},"end":{"line":445,"column":null}}]},"26":{"loc":{"start":{"line":487,"column":18},"end":{"line":489,"column":null}},"type":"cond-expr","locations":[{"start":{"line":488,"column":22},"end":{"line":488,"column":59}},{"start":{"line":489,"column":22},"end":{"line":489,"column":null}}]},"27":{"loc":{"start":{"line":507,"column":16},"end":{"line":509,"column":null}},"type":"cond-expr","locations":[{"start":{"line":508,"column":20},"end":{"line":508,"column":53}},{"start":{"line":509,"column":20},"end":{"line":509,"column":null}}]},"28":{"loc":{"start":{"line":520,"column":7},"end":{"line":520,"column":54}},"type":"binary-expr","locations":[{"start":{"line":520,"column":7},"end":{"line":520,"column":32}},{"start":{"line":520,"column":36},"end":{"line":520,"column":54}}]},"29":{"loc":{"start":{"line":521,"column":7},"end":{"line":521,"column":62}},"type":"binary-expr","locations":[{"start":{"line":521,"column":7},"end":{"line":521,"column":35}},{"start":{"line":521,"column":39},"end":{"line":521,"column":62}}]},"30":{"loc":{"start":{"line":522,"column":7},"end":{"line":522,"column":70}},"type":"binary-expr","locations":[{"start":{"line":522,"column":7},"end":{"line":522,"column":43}},{"start":{"line":522,"column":47},"end":{"line":522,"column":70}}]}},"s":{"0":0,"1":0,"2":0,"3":0,"4":0,"5":0,"6":0,"7":0,"8":0,"9":0,"10":0,"11":0,"12":0,"13":0,"14":0,"15":0,"16":0,"17":0,"18":0,"19":0,"20":0,"21":0,"22":0,"23":0,"24":0,"25":0,"26":0,"27":0,"28":0,"29":0,"30":0,"31":0,"32":0,"33":0,"34":0,"35":0,"36":0,"37":0,"38":0,"39":0,"40":0,"41":0,"42":0,"43":0,"44":0,"45":0,"46":0,"47":0,"48":0,"49":0,"50":0,"51":0,"52":0,"53":0,"54":0,"55":0,"56":0,"57":0,"58":0,"59":0,"60":0,"61":0,"62":0,"63":0,"64":0,"65":0,"66":0,"67":0,"68":0,"69":0,"70":0,"71":0,"72":0,"73":0,"74":0,"75":0,"76":0,"77":0,"78":0,"79":0,"80":0,"81":0,"82":0,"83":0,"84":0,"85":0,"86":0,"87":0,"88":0,"89":0,"90":0,"91":0,"92":0,"93":0,"94":0,"95":0,"96":0,"97":0,"98":0,"99":0,"100":0,"101":0,"102":0,"103":0,"104":0},"f":{"0":0,"1":0,"2":0,"3":0,"4":0,"5":0,"6":0,"7":0,"8":0,"9":0,"10":0,"11":0,"12":0,"13":0,"14":0,"15":0,"16":0,"17":0,"18":0,"19":0,"20":0,"21":0,"22":0,"23":0,"24":0,"25":0,"26":0},"b":{"0":[0,0],"1":[0,0],"2":[0,0],"3":[0,0],"4":[0,0],"5":[0,0],"6":[0,0],"7":[0,0],"8":[0,0],"9":[0,0],"10":[0,0],"11":[0,0],"12":[0,0],"13":[0,0],"14":[0,0],"15":[0,0],"16":[0,0],"17":[0,0],"18":[0,0,0,0],"19":[0,0,0,0],"20":[0,0,0],"21":[0,0,0],"22":[0,0,0,0,0],"23":[0,0],"24":[0,0],"25":[0,0],"26":[0,0],"27":[0,0],"28":[0,0],"29":[0,0],"30":[0,0]}}
[...]
,"column":28},"end":{"line":278,"column":67}},{"start":{"line":279,"column":28},"end":{"line":279,"column":80}}]},"21":{"loc":{"start":{"line":308,"column":25},"end":{"line":308,"column":77}},"type":"binary-expr","locations":[{"start":{"line":308,"column":25},"end":{"line":308,"column":40}},{"start":{"line":308,"column":44},"end":{"line":308,"column":77}}]},"22":{"loc":{"start":{"line":309,"column":25},"end":{"line":309,"column":71}},"type":"binary-expr","locations":[{"start":{"line":309,"column":25},"end":{"line":309,"column":39}},{"start":{"line":309,"column":43},"end":{"line":309,"column":71}}]},"23":{"loc":{"start":{"line":310,"column":25},"end":{"line":310,"column":85}},"type":"binary-expr","locations":[{"start":{"line":310,"column":25},"end":{"line":310,"column":48}},{"start":{"line":310,"column":52},"end":{"line":310,"column":85}}]},"24":{"loc":{"start":{"line":311,"column":25},"end":{"line":311,"column":109}},"type":"binary-expr","locations":[{"start":{"line":311,"column":25},"end":{"line":311,"column":57}},{"start":{"line":311,"column":61},"end":{"line":311,"column":109}}]},"25":{"loc":{"start":{"line":412,"column":17},"end":{"line":446,"column":null}},"type":"cond-expr","locations":[{"start":{"line":413,"column":18},"end":{"line":415,"column":null}},{"start":{"line":420,"column":18},"end":{"line":445,"column":null}}]},"26":{"loc":{"start":{"line":476,"column":20},"end":{"line":478,"column":null}},"type":"cond-expr","locations":[{"start":{"line":477,"column":24},"end":{"line":477,"column":57}},{"start":{"line":478,"column":24},"end":{"line":478,"column":null}}]}},"s":{"0":0,"1":0,"2":0,"3":0,"4":0,"5":0,"6":0,"7":0,"8":0,"9":0,"10":0,"11":0,"12":0,"13":0,"14":0,"15":0,"16":0,"17":0,"18":0,"19":0,"20":0,"21":0,"22":0,"23":0,"24":0,"25":0,"26":0,"27":0,"28":0,"29":0,"30":0,"31":0,"32":0,"33":0,"34":0,"35":0,"36":0,"37":0,"38":0,"39":0,"40":0,"41":0,"42":0,"43":0,"44":0,"45":0,"46":0,"47":0,"48":0,"49":0,"50":0,"51":0,"52":0,"53":0,"54":0,"55":0,"56":0,"57":0,"58":0,"59":0,"60":0,"61":0,"62":0,"63":0,"64":0},"f":{"0":0,"1":0,"2":0,"3":0,"4":0,"5":0,"6":0,"7":0,"8":0,"9":0,"10":0,"11":0,"12":0,"13":0,"14":0,"15":0,"16":0,"17":0,"18":0,"19":0,"20":0,"21":0,"22":0,"23":0,"24":0,"25":0,"26":0},"b":{"0":[0],"1":[0,0],"2":[0,0],"3":[0,0],"4":[0,0,0,0,0,0],"5":[0,0],"6":[0,0],"7":[0,0],"8":[0,0],"9":[0,0],"10":[0,0],"11":[0,0],"12":[0,0],"13":[0,0],"14":[0,0],"15":[0,0],"16":[0,0],"17":[0,0],"18":[0,0,0,0],"19":[0,0],"20":[0,0],"21":[0,0],"22":[0,0],"23":[0,0],"24":[0,0],"25":[0,0],"26":[0,0]}}
,"C:\\Users\\Hp\\moodniko-frontend\\src\\config\\moodConfig.ts": {"path":"C:\\Users\\Hp\\moodniko-frontend\\src\\config\\moodConfig.ts","statementMap":{"0":{"start":{"line":84,"column":0},"end":{"line":84,"column":16}},"1":{"start":{"line":91,"column":0},"end":{"line":91,"column":16}},"2":{"start":{"line":102,"column":0},"end":{"line":102,"column":16}},"3":{"start":{"line":107,"column":0},"end":{"line":107,"column":16}},"4":{"start":{"line":113,"column":0},"end":{"line":113,"column":16}},"5":{"start":{"line":125,"column":0},"end":{"line":125,"column":16}},"6":{"start":{"line":21,"column":13},"end":{"line":28,"column":null}},"7":{"start":{"line":31,"column":13},"end":{"line":64,"column":null}},"8":{"start":{"line":67,"column":13},"end":{"line":81,"column":null}},"9":{"start":{"line":85,"column":2},"end":{"line":85,"column":null}},"10":{"start":{"line":87,"column":2},"end":{"line":87,"column":null}},"11":{"start":{"line":92,"column":18},"end":{"line":97,"column":null}},"12":{"start":{"line":98,"column":2},"end":{"line":98,"column":null}},"13":{"start":{"line":103,"column":2},"end":{"line":103,"column":null}},"14":{"start":{"line":103,"column":42},"end":{"line":103,"column":75}},"15":{"start":{"line":108,"column":19},"end":{"line":108,"column":69}},"16":{"start":{"line":108,"column":47},"end":{"line":108,"column":68}},"17":{"start":{"line":109,"column":2},"end":{"line":109,"column":null}},"18":{"start":{"line":114,"column":2},"end":{"line":114,"column":null}},"19":{"start":{"line":114,"column":40},"end":{"line":114,"column":null}},"20":{"start":{"line":116,"column":20},"end":{"line":116,"column":46}},"21":{"start":{"line":117,"column":2},"end":{"line":117,"column":null}},"22":{"start":{"line":117,"column":18},"end":{"line":117,"column":null}},"23":{"start":{"line":121,"column":2},"end":{"line":121,"column":null}},"24":{"start":{"line":126,"column":2},"end":{"line":126,"column":null}},"25":{"start":{"line":126,"column":40},"end":{"line":126,"column":null}},"26":{"start":{"line":128,"column":20},"end":{"line":128,"column":46}},"27":{"start":{"line":129,"column":2},"end":{"line":129,"column":null}},"28":{"start":{"line":129,"column":18},"end":{"line":129,"column":null}},"29":{"start":{"line":131,"column":2},"end":{"line":131,"column":null}},"30":{"start":{"line":135,"column":0},"end":{"line":145,"column":null}}},"fnMap":{"0":{"name":"setMoodImageMode","decl":{"start":{"line":84,"column":16},"end":{"line":84,"column":32}},"loc":{"start":{"line":84,"column":56},"end":{"line":88,"column":1}}},"1":{"name":"getImageSizeClass","decl":{"start":{"line":91,"column":16},"end":{"line":91,"column":33}},"loc":{"start":{"line":91,"column":67},"end":{"line":99,"column":1}}},"2":{"name":"getMoodCategory","decl":{"start":{"line":102,"column":16},"end":{"line":102,"column":31}},"loc":{"start":{"line":102,"column":46},"end":{"line":104,"column":1}}},"3":{"name":"(anonymous_3)","decl":{"start":{"line":103,"column":30},"end":{"line":103,"column":38}},"loc":{"start":{"line":103,"column":42},"end":{"line":103,"column":75}}},"4":{"name":"getMoodsByCategory","decl":{"start":{"line":107,"column":16},"end":{"line":107,"column":34}},"loc":{"start":{"line":107,"column":53},"end":{"line":110,"column":1}}},"5":{"name":"(anonymous_5)","decl":{"start":{"line":108,"column":40},"end":{"line":108,"column":43}},"loc":{"start":{"line":108,"column":47},"end":{"line":108,"column":68}}},"6":{"name":"validateHumanFaceImage","decl":{"start":{"line":113,"column":16},"end":{"line":113,"column":38}},"loc":{"start":{"line":113,"column":53},"end":{"line":122,"column":1}}},"7":{"name":"getHumanFaceImageUrl","decl":{"start":{"line":125,"column":16},"end":{"line":125,"column":36}},"loc":{"start":{"line":125,"column":51},"end":{"line":132,"column":1}}}},"branchMap":{"0":{"loc":{"start":{"line":87,"column":45},"end":{"line":87,"column":92}},"type":"cond-expr","locations":[{"start":{"line":87,"column":62},"end":{"line":87,"column":81}},{"start":{"line":87,"column":84},"end":{"line":87,"column":92}}]},"1":{"loc":{"start":{"line":109,"column":9},"end":{"line":109,"column":32}},"type":"binary-expr","locations":[{"start":{"line":109,"column":9},"end":{"line":109,"column":26}},{"start":{"line":109,"column":30},"end":{"line":109,"column":32}}]},"2":{"loc":{"start":{"line":109,"column":9},"end":{"line":109,"column":26}},"type":"cond-expr","locations":[{"start":{"line":109,"column":17},"end":{"line":109,"column":19}},{"start":{"line":109,"column":9},"end":{"line":109,"column":26}}]},"3":{"loc":{"start":{"line":109,"column":9},"end":{"line":109,"column":19}},"type":"binary-expr","locations":[{"start":{"line":109,"column":9},"end":{"line":109,"column":19}},{"start":{"line":109,"column":9},"end":{"line":109,"column":19}}]},"4":{"loc":{"start":{"line":114,"column":2},"end":{"line":114,"column":null}},"type":"if","locations":[{"start":{"line":114,"column":2},"end":{"line":114,"column":null}},{"start":{},"end":{}}]},"5":{"loc":{"start":{"line":117,"column":2},"end":{"line":117,"column":null}},"type":"if","locations":[{"start":{"line":117,"column":2},"end":{"line":117,"column":null}},{"start":{},"end":{}}]},"6":{"loc":{"start":{"line":126,"column":2},"end":{"line":126,"column":null}},"type":"if","locations":[{"start":{"line":126,"column":2},"end":{"line":126,"column":null}},{"start":{},"end":{}}]},"7":{"loc":{"start":{"line":129,"column":2},"end":{"line":129,"column":null}},"type":"if","locations":[{"start":{"line":129,"column":2},"end":{"line":129,"column":null}},{"start":{},"end":{}}]}},"s":{"0":0,"1":0,"2":0,"3":0,"4":0,"5":0,"6":0,"7":0,"8":0,"9":0,"10":0,"11":0,"12":0,"13":0,"14":0,"15":0,"16":0,"17":0,"18":0,"19":0,"20":0,"21":0,"22":0,"23":0,"24":0,"25":0,"26":0,"27":0,"28":0,"29":0,"30":0},"f":{"0":0,"1":0,"2":0,"3":0,"4":0,"5":0,"6":0,"7":0},"b":{"0":[0,0],"1":[0,0],"2":[0,0],"3":[0,0],"4":[0,0],"5":[0,0],"6":[0,0],"7":[0,0]}}
,"C:\\Users\\Hp\\moodniko-frontend\\src\\lib\\utils.ts": {"path":"C:\\Users\\Hp\\moodniko-frontend\\src\\lib\\utils.ts","statementMap":{"0":{"start":{"line":5,"column":0},"end":{"line":5,"column":16}},"1":{"start":{"line":121,"column":0},"end":{"line":121,"column":16}},"2":{"start":{"line":125,"column":0},"end":{"line":125,"column":16}},"3":{"start":{"line":130,"column":0},"end":{"line":130,"column":16}},"4":{"start":{"line":135,"column":0},"end":{"line":135,"column":16}},"5":{"start":{"line":140,"column":0},"end":{"line":140,"column":16}},"6":{"start":{"line":145,"column":0},"end":{"line":145,"column":16}},"7":{"start":{"line":151,"column":0},"end":{"line":151,"column":16}},"8":{"start":{"line":166,"column":0},"end":{"line":166,"column":16}},"9":{"start":{"line":175,"column":0},"end":{"line":175,"column":16}},"10":{"start":{"line":189,"column":0},"end":{"line":189,"column":16}},"11":{"start":{"line":195,"column":0},"end":{"line":195,"column":16}},"12":{"start":{"line":200,"column":0},"end":{"line":200,"column":16}},"13":{"start":{"line":1,"column":0},"end":{"line":1,"column":44}},"14":{"start":{"line":2,"column":0},"end":{"line":2,"column":40}},"15":{"start":{"line":3,"column":0},"end":{"line":3,"column":77}},"16":{"start":{"line":6,"column":2},"end":{"line":6,"column":null}},"17":{"start":{"line":21,"column":13},"end":{"line":118,"column":null}},"18":{"start":{"line":122,"column":2},"end":{"line":122,"column":null}},"19":{"start":{"line":122,"column":28},"end":{"line":122,"column":46}},"20":{"start":{"line":126,"column":15},"end":{"line":126,"column":40}},"21":{"start":{"line":127,"column":2},"end":{"line":127,"column":null}},"22":{"start":{"line":131,"column":15},"end":{"line":131,"column":40}},"23":{"start":{"line":132,"column":2},"end":{"line":132,"column":null}},"24":{"start":{"line":136,"column":15},"end":{"line":136,"column":40}},"25":{"start":{"line":137,"column":2},"end":{"line":137,"column":null}},"26":{"start":{"line":141,"column":15},"end":{"line":141,"column":40}},"27":{"start":{"line":142,"column":2},"end":{"line":142,"column":null}},"28":{"start":{"line":146,"column":15},"end":{"line":146,"column":40}},"29":{"start":{"line":147,"column":2},"end":{"line":147,"column":null}},"30":{"start":{"line":152,"column":2},"end":{"line":161,"column":3}},"31":{"start":{"line":154,"column":25},"end":{"line":154,"column":53}},"32":{"start":{"line":155,"column":4},"end":{"line":160,"column":5}},"33":{"start":{"line":159,"column":6},"end":{"line":159,"column":null}},"34":{"start":{"line":162,"column":2},"end":{"line":162,"column":null}},"35":{"start":{"line":167,"column":23},"end":{"line":167,"column":51}},"36":{"start":{"line":168,"column":2},"end":{"line":171,"column":null}},"37":{"start":{"line":176,"column":43},"end":{"line":181,"column":null}},"38":{"start":{"line":182,"column":2},"end":{"line":182,"column":null}},"39":{"start":{"line":186,"column":0},"end":{"line":186,"column":9}},"40":{"start":{"line":186,"column":9},"end":{"line":186,"column":55}},"41":{"start":{"line":191,"column":2},"end":{"line":191,"column":null}},"42":{"start":{"line":196,"column":2},"end":{"line":196,"column":null}},"43":{"start":{"line":201,"column":48},"end":{"line":205,"column":null}},"44":{"start":{"line":207,"column":18},"end":{"line":207,"column":45}},"45":{"start":{"line":208,"column":2},"end":{"line":208,"column":null}},"46":{"start":{"line":208,"column":30},"end":{"line":208,"column":55}}},"fnMap":{"0":{"name":"cn","decl":{"start":{"line":5,"column":16},"end":{"line":5,"column":18}},"loc":{"start":{"line":5,"column":42},"end":{"line":7,"column":1}}},"1":{"name":"getMoodDefinition","decl":{"start":{"line":121,"column":16},"end":{"line":121,"column":33}},"loc":{"start":{"line":121,"column":48},"end":{"line":123,"column":1}}},"2":{"name":"(anonymous_2)","decl":{"start":{"line":122,"column":20},"end":{"line":122,"column":24}},"loc":{"start":{"line":122,"column":28},"end":{"line":122,"column":46}}},"3":{"name":"getMoodEmoji","decl":{"start":{"line":125,"column":16},"end":{"line":125,"column":28}},"loc":{"start":{"line":125,"column":43},"end":{"line":128,"column":1}}},"4":{"name":"getMoodColor","decl":{"start":{"line":130,"column":16},"end":{"line":130,"column":28}},"loc":{"start":{"line":130,"column":43},"end":{"line":133,"column":1}}},"5":{"name":"getMoodLabel","decl":{"start":{"line":135,"column":16},"end":{"line":135,"column":28}},"loc":{"start":{"line":135,"column":43},"end":{"line":138,"column":1}}},"6":{"name":"getMoodDescription","decl":{"start":{"line":140,"column":16},"end":{"line":140,"column":34}},"loc":{"start":{"line":140,"column":49},"end":{"line":143,"column":1}}},"7":{"name":"getMoodTherapeuticGoal","decl":{"start":{"line":145,"column":16},"end":{"line":145,"column":38}},"loc":{"start":{"line":145,"column":53},"end":{"line":148,"column":1}}},"8":{"name":"getMoodIcon","decl":{"start":{"line":151,"column":16},"end":{"line":151,"column":27}},"loc":{"start":{"line":151,"column":75},"end":{"line":163,"column":1}}},"9":{"name":"getMoodImageComponent","decl":{"start":{"line":166,"column":16},"end":{"line":166,"column":37}},"loc":{"start":{"line":166,"column":52},"end":{"line":172,"column":1}}},"10":{"name":"getContentTypeColor","decl":{"start":{"line":175,"column":16},"end":{"line":175,"column":35}},"loc":{"start":{"line":175,"column":48},"end":{"line":183,"column":1}}},"11":{"name":"(anonymous_11)","decl":{"start":{"line":186,"column":9},"end":{"line":186,"column":25}},"loc":{"start":{"line":186,"column":9},"end":{"line":186,"column":55}}},"12":{"name":"setMoodImageMode","decl":{"start":{"line":189,"column":16},"end":{"line":189,"column":32}},"loc":{"start":{"line":189,"column":56},"end":{"line":192,"column":1}}},"13":{"name":"getAllMoods","decl":{"start":{"line":195,"column":16},"end":{"line":195,"column":27}},"loc":{"start":{"line":195,"column":27},"end":{"line":197,"column":1}}},"14":{"name":"getMoodsByCategory","decl":{"start":{"line":200,"column":16},"end":{"line":200,"column":34}},"loc":{"start":{"line":200,"column":80},"end":{"line":209,"column":1}}},"15":{"name":"(anonymous_15)","decl":{"start":{"line":208,"column":22},"end":{"line":208,"column":26}},"loc":{"start":{"line":208,"column":30},"end":{"line":208,"column":55}}}},"branchMap":{"0":{"loc":{"start":{"line":127,"column":9},"end":{"line":127,"column":28}},"type":"binary-expr","locations":[{"start":{"line":127,"column":9},"end":{"line":127,"column":20}},{"start":{"line":127,"column":24},"end":{"line":127,"column":28}}]},"1":{"loc":{"start":{"line":127,"column":9},"end":{"line":127,"column":20}},"type":"cond-expr","locations":[{"start":{"line":127,"column":13},"end":{"line":127,"column":15}},{"start":{"line":127,"column":9},"end":{"line":127,"column":20}}]},"2":{"loc":{"start":{"line":127,"column":9},"end":{"line":127,"column":15}},"type":"binary-expr","locations":[{"start":{"line":127,"column":9},"end":{"line":127,"column":15}},{"start":{"line":127,"column":9},"end":{"line":127,"column":15}}]},"3":{"loc":{"start":{"line":132,"column":9},"end":{"line":132,"column":37}},"type":"binary-expr","locations":[{"start":{"line":132,"column":9},"end":{"line":132,"column":20}},{"start":{"line":132,"column":24},"end":{"line":132,"column":37}}]},"4":{"loc":{"start":{"line":132,"column":9},"end":{"line":132,"column":20}},"type":"cond-expr","locations":[{"start":{"line":132,"column":13},"end":{"line":132,"column":15}},{"start":{"line":132,"column":9},"end":{"line":132,"column":20}}]},"5":{"loc":{"start":{"line":132,"column":9},"end":{"line":132,"column":15}},"type":"binary-expr","locations":[{"start":{"line":132,"column":9},"end":{"line":132,"column":15}},{"start":{"line":132,"column":9},"end":{"line":132,"column":15}}]},"6":{"loc":{"start":{"line":137,"column":9},"end":{"line":137,"column":33}},"type":"binary-expr","locations":[{"start":{"line":137,"column":9},"end":{"line":137,"column":20}},{"start":{"line":137,"column":24},"end":{"line":137,"column":33}}]},"7":{"loc":{"start":{"line":137,"column":9},"end":{"line":137,"column":20}},"type":"cond-expr","locations":[{"start":{"line":137,"column":13},"end":{"line":137,"column":15}},{"start":{"line":137,"column":9},"end":{"line":137,"column":20}}]},"8":{"loc":{"start":{"line":137,"column":9},"end":{"line":137,"column":15}},"type":"binary-expr","locations":[{"start":{"line":137,"column":9},"end":{"line":137,"column":15}},{"start":{"line":137,"column":9},"end":{"line":137,"column":15}}]},"9":{"loc":{"start":{"line":142,"column":9},"end":{"line":142,"column":48}},"type":"binary-expr","locations":[{"start":{"line":142,"column":9},"end":{"line":142,"column":26}},{"start":{"line":142,"column":30},"end":{"line":142,"column":48}}]},"10":{"loc":{"start":{"line":142,"column":9},"end":{"line":142,"column":26}},"type":"cond-expr","locations":[{"start":{"line":142,"column":13},"end":{"line":142,"column":15}},{"start":{"line":142,"column":9},"end":{"line":142,"column":26}}]},"11":{"loc":{"start":{"line":142,"column":9},"end":{"line":142,"column":15}},"type":"binary-expr","locations":[{"start":{"line":142,"column":9},"end":{"line":142,"column":15}},{"start":{"line":142,"column":9},"end":{"line":142,"column":15}}]},"12":{"loc":{"start":{"line":147,"column":9},"end":{"line":147,"column":64}},"type":"binary-expr","locations":[{"start":{"line":147,"column":9},"end":{"line":147,"column":30}},{"start":{"line":147,"column":34},"end":{"line":147,"column":64}}]},"13":{"loc":{"start":{"line":147,"column":9},"end":{"line":147,"column":30}},"type":"cond-expr","locations":[{"start":{"line":147,"column":13},"end":{"line":147,"column":15}},{"start":{"line":147,"column":9},"end":{"line":147,"column":30}}]},"14":{"loc":{"start":{"line":147,"column":9},"end":{"line":147,"column":15}},"type":"binary-expr","locations":[{"start":{"line":147,"column":9},"end":{"line":147,"column":15}},{"start":{"line":147,"column":9},"end":{"line":147,"column":15}}]},"15":{"loc":{"start":{"line":151,"column":44},"end":{"line":151,"column":75}},"type":"default-arg","locations":[{"start":{"line":151,"column":70},"end":{"line":151,"column":75}}]},"16":{"loc":{"start":{"line":152,"column":2},"end":{"line":161,"column":3}},"type":"if","locations":[{"start":{"line":152,"column":2},"end":{"line":161,"column":3}},{"start":{},"end":{}}]},"17":{"loc":{"start":{"line":155,"column":4},"end":{"line":160,"column":5}},"type":"if","locations":[{"start":{"line":155,"column":4},"end":{"line":160,"column":5}},{"start":{},"end":{}}]},"18":{"loc":{"start":{"line":182,"column":9},"end":{"line":182,"column":40}},"type":"binary-expr","locations":[{"start":{"line":182,"column":9},"end":{"line":182,"column":23}},{"start":{"line":182,"column":27},"end":{"line":182,"column":40}}]},"19":{"loc":{"start":{"line":207,"column":18},"end":{"line":207,"column":45}},"type":"binary-expr","locations":[{"start":{"line":207,"column":18},"end":{"line":207,"column":39}},{"start":{"line":207,"column":43},"end":{"line":207,"column":45}}]}},"s":{"0":0,"1":0,"2":0,"3":0,"4":0,"5":0,"6":0,"7":0,"8":0,"9":0,"10":0,"11":0,"12":0,"13":0,"14":0,"15":0,"16":0,"17":0,"18":0,"19":0,"20":0,"21":0,"22":0,"23":0,"24":0,"25":0,"26":0,"27":0,"28":0,"29":0,"30":0,"31":0,"32":0,"33":0,"34":0,"35":0,"36":0,"37":0,"38":0,"39":0,"40":0,"41":0,"42":0,"43":0,"44":0,"45":0,"46":0},"f":{"0":0,"1":0,"2":0,"3":0,"4":0,"5":0,"6":0,"7":0,"8":0,"9":0,"10":0,"11":0,"12":0,"13":0,"14":0,"15":0},"b":{"0":[0,0],"1":[0,0],"2":[0,0],"3":[0,0],"4":[0,0],"5":[0,0],"6":[0,0],"7":[0,0],"8":[0,0],"9":[0,0],"10":[0,0],"11":[0,0],"12":[0,0],"13":[0,0],"14":[0,0],"15":[0],"16":[0,0],"17":[0,0],"18":[0,0],"19":[0,0]}}
}
