TN:
SF:src\App.tsx
FN:107,(anonymous_8)
FN:113,(anonymous_9)
FN:113,(anonymous_10)
FN:118,(anonymous_11)
FN:125,(anonymous_12)
FN:125,(anonymous_13)
FN:130,(anonymous_14)
FN:137,(anonymous_15)
FN:141,(anonymous_16)
FN:147,(anonymous_17)
FN:152,(anonymous_18)
FN:157,(anonymous_19)
FN:162,(anonymous_20)
FN:167,(anonymous_21)
FN:172,(anonymous_22)
FN:178,(anonymous_23)
FNF:16
FNH:0
FNDA:0,(anonymous_8)
FNDA:0,(anonymous_9)
FNDA:0,(anonymous_10)
FNDA:0,(anonymous_11)
FNDA:0,(anonymous_12)
FNDA:0,(anonymous_13)
FNDA:0,(anonymous_14)
FNDA:0,(anonymous_15)
FNDA:0,(anonymous_16)
FNDA:0,(anonymous_17)
FNDA:0,(anonymous_18)
FNDA:0,(anonymous_19)
FNDA:0,(anonymous_20)
FNDA:0,(anonymous_21)
FNDA:0,(anonymous_22)
FNDA:0,(anonymous_23)
DA:1,0
DA:2,0
DA:3,0
DA:4,0
DA:5,0
DA:6,0
DA:7,0
DA:8,0
DA:9,0
DA:10,0
DA:11,0
DA:12,0
DA:13,0
DA:14,0
DA:15,0
DA:16,0
DA:17,0
DA:18,0
DA:19,0
DA:23,0
DA:32,0
DA:47,0
DA:60,0
DA:99,0
DA:107,0
DA:108,0
DA:109,0
DA:110,0
DA:113,0
DA:114,0
DA:115,0
DA:118,0
DA:121,0
DA:122,0
DA:125,0
DA:126,0
DA:127,0
DA:130,0
DA:133,0
DA:134,0
DA:137,0
DA:138,0
DA:141,0
DA:142,0
DA:143,0
DA:147,0
DA:149,0
DA:152,0
DA:154,0
DA:157,0
DA:159,0
DA:162,0
DA:164,0
DA:167,0
DA:169,0
DA:172,0
DA:174,0
DA:175,0
DA:178,0
DA:180,0
DA:184,0
DA:186,0
DA:322,0
LF:63
LH:0
BRDA:142,0,0,0
BRDA:142,0,1,0
BRDA:200,1,0,0
BRDA:200,1,1,0
BRDA:213,2,0,0
BRDA:213,2,1,0
BRDA:220,3,0,0
BRDA:220,3,1,0
BRDA:226,4,0,0
BRDA:226,4,1,0
BRDA:233,5,0,0
BRDA:233,5,1,0
BRDA:247,6,0,0
BRDA:247,6,1,0
BRDA:259,7,0,0
BRDA:259,7,1,0
BRDA:273,8,0,0
BRDA:273,8,1,0
BRDA:286,9,0,0
BRDA:286,9,1,0
BRDA:299,10,0,0
BRDA:299,10,1,0
BRF:22
BRH:0
end_of_record
TN:
SF:src\__tests__\utils\test-utils.ts
FN:9,(anonymous_1)
FN:13,(anonymous_2)
FN:21,(anonymous_3)
FN:21,(anonymous_4)
FN:21,(anonymous_5)
FN:21,(anonymous_6)
FN:21,(anonymous_7)
FN:21,(anonymous_8)
FN:21,(anonymous_9)
FN:65,(anonymous_10)
FN:66,(anonymous_11)
FN:69,(anonymous_12)
FNF:12
FNH:5
FNDA:8,(anonymous_1)
FNDA:8,(anonymous_2)
FNDA:28,(anonymous_3)
FNDA:14,(anonymous_4)
FNDA:9,(anonymous_5)
FNDA:0,(anonymous_6)
FNDA:0,(anonymous_7)
FNDA:0,(anonymous_8)
FNDA:0,(anonymous_9)
FNDA:0,(anonymous_10)
FNDA:0,(anonymous_11)
FNDA:0,(anonymous_12)
DA:2,1
DA:4,1
DA:5,1
DA:6,1
DA:9,1
DA:13,8
DA:14,8
DA:17,8
DA:21,29
DA:24,1
DA:27,1
DA:30,1
DA:50,1
DA:65,1
DA:66,0
DA:69,1
LF:16
LH:15
BRDA:69,0,0,0
BRF:1
BRH:0
end_of_record
TN:
SF:src\components\AboutUs.tsx
FN:3,(anonymous_0)
FN:90,(anonymous_1)
FN:150,(anonymous_2)
FNF:3
FNH:0
FNDA:0,(anonymous_0)
FNDA:0,(anonymous_1)
FNDA:0,(anonymous_2)
DA:1,0
DA:3,0
DA:4,0
DA:37,0
DA:58,0
DA:91,0
DA:151,0
DA:196,0
LF:8
LH:0
BRF:0
BRH:0
end_of_record
TN:
SF:src\components\ContactUs.tsx
FN:4,(anonymous_0)
FN:13,(anonymous_1)
FN:17,(anonymous_2)
FN:21,(anonymous_3)
FN:22,(anonymous_4)
FN:114,(anonymous_5)
FN:129,(anonymous_6)
FN:144,(anonymous_7)
FN:159,(anonymous_8)
FN:181,(anonymous_9)
FN:226,(anonymous_10)
FNF:11
FNH:0
FNDA:0,(anonymous_0)
FNDA:0,(anonymous_1)
FNDA:0,(anonymous_2)
FNDA:0,(anonymous_3)
FNDA:0,(anonymous_4)
FNDA:0,(anonymous_5)
FNDA:0,(anonymous_6)
FNDA:0,(anonymous_7)
FNDA:0,(anonymous_8)
FNDA:0,(anonymous_9)
FNDA:0,(anonymous_10)
DA:1,0
DA:2,0
DA:4,0
DA:5,0
DA:11,0
DA:13,0
DA:14,0
DA:16,0
DA:17,0
DA:18,0
DA:21,0
DA:22,0
DA:25,0
DA:52,0
DA:71,0
DA:114,0
DA:129,0
DA:144,0
DA:159,0
DA:182,0
DA:227,0
DA:262,0
LF:22
LH:0
BRDA:95,0,0,0
BRDA:95,0,1,0
BRF:2
BRH:0
end_of_record
TN:
SF:src\components\ContentRecommendations.tsx
FN:22,(anonymous_0)
FN:129,(anonymous_1)
FN:131,(anonymous_2)
FN:137,(anonymous_3)
FN:166,(anonymous_4)
FN:169,(anonymous_5)
FN:188,(anonymous_6)
FN:191,(anonymous_7)
FN:218,(anonymous_8)
FN:313,(anonymous_9)
FN:319,(anonymous_10)
FN:332,(anonymous_11)
FNF:12
FNH:0
FNDA:0,(anonymous_0)
FNDA:0,(anonymous_1)
FNDA:0,(anonymous_2)
FNDA:0,(anonymous_3)
FNDA:0,(anonymous_4)
FNDA:0,(anonymous_5)
FNDA:0,(anonymous_6)
FNDA:0,(anonymous_7)
FNDA:0,(anonymous_8)
FNDA:0,(anonymous_9)
FNDA:0,(anonymous_10)
FNDA:0,(anonymous_11)
DA:1,0
DA:2,0
DA:3,0
DA:4,0
DA:22,0
DA:23,0
DA:24,0
DA:25,0
DA:28,0
DA:119,0
DA:128,0
DA:129,0
DA:131,0
DA:132,0
DA:133,0
DA:134,0
DA:137,0
DA:138,0
DA:139,0
DA:140,0
DA:141,0
DA:142,0
DA:143,0
DA:147,0
DA:167,0
DA:169,0
DA:189,0
DA:191,0
DA:219,0
DA:313,0
DA:319,0
DA:332,0
DA:343,0
LF:33
LH:0
BRDA:132,0,0,0
BRDA:132,0,1,0
BRDA:133,1,0,0
BRDA:133,1,1,0
BRDA:134,2,0,0
BRDA:134,2,1,0
BRDA:138,3,0,0
BRDA:138,3,1,0
BRDA:138,3,2,0
BRDA:138,3,3,0
BRDA:138,3,4,0
BRDA:172,4,0,0
BRDA:172,4,1,0
BRDA:194,5,0,0
BRDA:194,5,1,0
BRDA:208,6,0,0
BRDA:208,6,1,0
BRDA:235,7,0,0
BRDA:235,7,1,0
BRDA:329,8,0,0
BRDA:329,8,1,0
BRF:21
BRH:0
end_of_record
TN:
SF:src\components\Dashboard.tsx
FN:9,(anonymous_0)
FN:55,(anonymous_1)
FNF:2
FNH:0
FNDA:0,(anonymous_0)
FNDA:0,(anonymous_1)
DA:2,0
DA:3,0
DA:9,0
DA:10,0
DA:41,0
DA:56,0
DA:95,0
LF:7
LH:0
BRDA:46,0,0,0
BRDA:46,0,1,0
BRF:2
BRH:0
end_of_record
TN:
SF:src\components\Footer.tsx
FN:4,(anonymous_0)
FNF:1
FNH:0
FNDA:0,(anonymous_0)
DA:1,0
DA:2,0
DA:4,0
DA:5,0
DA:88,0
LF:5
LH:0
BRF:0
BRH:0
end_of_record
TN:
SF:src\components\Hero.tsx
FN:22,(anonymous_0)
FN:40,(anonymous_1)
FN:277,(anonymous_2)
FN:280,(anonymous_3)
FN:287,(anonymous_4)
FN:288,(anonymous_5)
FN:290,(anonymous_6)
FN:297,(anonymous_7)
FN:303,(anonymous_8)
FN:313,(anonymous_9)
FN:317,(anonymous_10)
FN:344,(anonymous_11)
FN:347,(anonymous_12)
FN:380,(anonymous_13)
FN:383,(anonymous_14)
FN:449,(anonymous_15)
FN:511,(anonymous_16)
FN:519,(anonymous_17)
FN:528,(anonymous_18)
FNF:19
FNH:15
FNDA:22,(anonymous_0)
FNDA:2,(anonymous_1)
FNDA:8,(anonymous_2)
FNDA:6,(anonymous_3)
FNDA:5,(anonymous_4)
FNDA:5,(anonymous_5)
FNDA:0,(anonymous_6)
FNDA:2,(anonymous_7)
FNDA:2,(anonymous_8)
FNDA:15,(anonymous_9)
FNDA:1,(anonymous_10)
FNDA:44,(anonymous_11)
FNDA:6,(anonymous_12)
FNDA:52,(anonymous_13)
FNDA:5,(anonymous_14)
FNDA:2,(anonymous_15)
FNDA:0,(anonymous_16)
FNDA:0,(anonymous_17)
FNDA:0,(anonymous_18)
DA:1,1
DA:2,1
DA:3,1
DA:4,1
DA:10,1
DA:22,1
DA:23,22
DA:24,22
DA:25,22
DA:26,22
DA:27,22
DA:30,22
DA:32,22
DA:40,22
DA:41,2
DA:273,2
DA:274,2
DA:275,0
DA:277,8
DA:280,22
DA:281,6
DA:282,6
DA:283,6
DA:284,6
DA:287,22
DA:288,5
DA:289,5
DA:290,0
DA:292,5
DA:297,22
DA:298,2
DA:299,2
DA:303,22
DA:304,2
DA:305,2
DA:306,0
DA:307,0
DA:308,0
DA:309,0
DA:313,22
DA:314,15
DA:317,22
DA:318,1
DA:319,1
DA:320,1
DA:321,1
DA:324,22
DA:345,44
DA:347,6
DA:381,52
DA:383,5
DA:450,2
DA:511,0
DA:519,0
DA:528,0
DA:574,1
LF:56
LH:47
BRDA:273,0,0,2
BRDA:273,0,1,0
BRDA:274,1,0,0
BRDA:274,1,1,2
BRDA:274,2,0,2
BRDA:274,2,1,2
BRDA:289,3,0,0
BRDA:289,3,1,5
BRDA:298,4,0,2
BRDA:298,4,1,0
BRDA:304,5,0,2
BRDA:304,5,1,0
BRDA:304,5,2,0
BRDA:304,5,3,0
BRDA:304,5,4,0
BRDA:349,6,0,13
BRDA:349,6,1,31
BRDA:366,7,0,22
BRDA:366,7,1,13
BRDA:385,8,0,8
BRDA:385,8,1,44
BRDA:392,9,0,8
BRDA:392,9,1,44
BRDA:400,10,0,52
BRDA:400,10,1,8
BRDA:416,11,0,6
BRDA:416,11,1,7
BRDA:432,12,0,22
BRDA:432,12,1,2
BRF:29
BRH:21
end_of_record
TN:
SF:src\components\Layout.tsx
FN:9,(anonymous_1)
FNF:1
FNH:0
FNDA:0,(anonymous_1)
DA:1,0
DA:3,0
DA:9,0
DA:10,0
DA:100,0
LF:5
LH:0
BRF:0
BRH:0
end_of_record
TN:
SF:src\components\MentalHealthResources.tsx
FN:3,(anonymous_0)
FNF:1
FNH:0
FNDA:0,(anonymous_0)
DA:1,0
DA:3,0
DA:4,0
DA:325,0
LF:4
LH:0
BRF:0
BRH:0
end_of_record
TN:
SF:src\components\MoodImageExample.tsx
FN:6,(anonymous_0)
FN:10,(anonymous_1)
FN:41,(anonymous_2)
FNF:3
FNH:0
FNDA:0,(anonymous_0)
FNDA:0,(anonymous_1)
FNDA:0,(anonymous_2)
DA:2,0
DA:3,0
DA:6,0
DA:7,0
DA:8,0
DA:10,0
DA:11,0
DA:14,0
DA:42,0
DA:76,0
LF:10
LH:0
BRDA:23,0,0,0
BRDA:23,0,1,0
BRDA:35,1,0,0
BRDA:35,1,1,0
BRF:4
BRH:0
end_of_record
TN:
SF:src\components\MoodTracker.tsx
FN:30,(anonymous_0)
FN:105,(anonymous_1)
FN:124,(anonymous_2)
FN:127,(anonymous_3)
FN:133,(anonymous_4)
FN:137,(anonymous_5)
FN:140,(anonymous_6)
FN:142,(anonymous_7)
FN:174,(anonymous_8)
FN:177,(anonymous_9)
FN:191,(anonymous_10)
FN:233,(anonymous_11)
FN:256,(anonymous_12)
FN:333,(anonymous_13)
FN:345,(anonymous_14)
FN:349,(anonymous_15)
FN:413,(anonymous_16)
FN:422,(anonymous_17)
FN:477,(anonymous_18)
FNF:19
FNH:0
FNDA:0,(anonymous_0)
FNDA:0,(anonymous_1)
FNDA:0,(anonymous_2)
FNDA:0,(anonymous_3)
FNDA:0,(anonymous_4)
FNDA:0,(anonymous_5)
FNDA:0,(anonymous_6)
FNDA:0,(anonymous_7)
FNDA:0,(anonymous_8)
FNDA:0,(anonymous_9)
FNDA:0,(anonymous_10)
FNDA:0,(anonymous_11)
FNDA:0,(anonymous_12)
FNDA:0,(anonymous_13)
FNDA:0,(anonymous_14)
FNDA:0,(anonymous_15)
FNDA:0,(anonymous_16)
FNDA:0,(anonymous_17)
FNDA:0,(anonymous_18)
DA:1,0
DA:2,0
DA:3,0
DA:30,0
DA:31,0
DA:32,0
DA:33,0
DA:91,0
DA:93,0
DA:98,0
DA:105,0
DA:106,0
DA:124,0
DA:127,0
DA:128,0
DA:130,0
DA:133,0
DA:134,0
DA:137,0
DA:138,0
DA:140,0
DA:141,0
DA:142,0
DA:144,0
DA:145,0
DA:146,0
DA:149,0
DA:175,0
DA:177,0
DA:191,0
DA:233,0
DA:257,0
DA:333,0
DA:346,0
DA:349,0
DA:414,0
DA:423,0
DA:477,0
DA:494,0
LF:39
LH:0
BRDA:138,0,0,0
BRDA:138,0,1,0
BRDA:144,1,0,0
BRDA:144,1,1,0
BRDA:145,2,0,0
BRDA:145,2,1,0
BRDA:208,3,0,0
BRDA:208,3,1,0
BRDA:233,4,0,0
BRDA:233,4,1,0
BRDA:247,5,0,0
BRDA:247,5,1,0
BRDA:298,6,0,0
BRDA:298,6,1,0
BRDA:327,7,0,0
BRDA:327,7,1,0
BRDA:351,8,0,0
BRDA:351,8,1,0
BRDA:369,9,0,0
BRDA:369,9,1,0
BRF:20
BRH:0
end_of_record
TN:
SF:src\components\PrivacyPolicy.tsx
FN:3,(anonymous_0)
FNF:1
FNH:0
FNDA:0,(anonymous_0)
DA:1,0
DA:3,0
DA:4,0
DA:201,0
LF:4
LH:0
BRF:0
BRH:0
end_of_record
TN:
SF:src\components\Stats.tsx
FN:4,(anonymous_0)
FN:61,(anonymous_1)
FN:121,(anonymous_2)
FNF:3
FNH:0
FNDA:0,(anonymous_0)
FNDA:0,(anonymous_1)
FNDA:0,(anonymous_2)
DA:1,0
DA:2,0
DA:4,0
DA:5,0
DA:6,0
DA:45,0
DA:62,0
DA:121,0
DA:132,0
LF:9
LH:0
BRF:0
BRH:0
end_of_record
TN:
SF:src\components\TermsOfService.tsx
FN:3,(anonymous_0)
FNF:1
FNH:0
FNDA:0,(anonymous_0)
DA:1,0
DA:3,0
DA:4,0
DA:265,0
LF:4
LH:0
BRF:0
BRH:0
end_of_record
TN:
SF:src\components\analytics\Analytics.tsx
FN:28,(anonymous_0)
FN:46,(anonymous_1)
FN:59,(anonymous_2)
FN:67,(anonymous_3)
FN:68,(anonymous_4)
FN:74,(anonymous_5)
FN:77,(anonymous_6)
FN:99,(anonymous_7)
FN:105,(anonymous_8)
FN:110,(anonymous_9)
FN:111,(anonymous_10)
FN:122,(anonymous_11)
FN:141,(anonymous_12)
FN:144,(anonymous_13)
FN:163,(anonymous_14)
FN:166,(anonymous_15)
FN:174,(anonymous_16)
FN:182,(anonymous_17)
FN:192,(anonymous_18)
FN:267,(anonymous_19)
FN:313,(anonymous_20)
FN:336,(anonymous_21)
FN:356,(anonymous_22)
FN:482,(anonymous_23)
FN:485,(anonymous_24)
FN:502,(anonymous_25)
FN:505,(anonymous_26)
FNF:27
FNH:0
FNDA:0,(anonymous_0)
FNDA:0,(anonymous_1)
FNDA:0,(anonymous_2)
FNDA:0,(anonymous_3)
FNDA:0,(anonymous_4)
FNDA:0,(anonymous_5)
FNDA:0,(anonymous_6)
FNDA:0,(anonymous_7)
FNDA:0,(anonymous_8)
FNDA:0,(anonymous_9)
FNDA:0,(anonymous_10)
FNDA:0,(anonymous_11)
FNDA:0,(anonymous_12)
FNDA:0,(anonymous_13)
FNDA:0,(anonymous_14)
FNDA:0,(anonymous_15)
FNDA:0,(anonymous_16)
FNDA:0,(anonymous_17)
FNDA:0,(anonymous_18)
FNDA:0,(anonymous_19)
FNDA:0,(anonymous_20)
FNDA:0,(anonymous_21)
FNDA:0,(anonymous_22)
FNDA:0,(anonymous_23)
FNDA:0,(anonymous_24)
FNDA:0,(anonymous_25)
FNDA:0,(anonymous_26)
DA:1,0
DA:2,0
DA:28,0
DA:29,0
DA:30,0
DA:32,0
DA:39,0
DA:46,0
DA:47,0
DA:49,0
DA:50,0
DA:59,0
DA:62,0
DA:63,0
DA:64,0
DA:66,0
DA:67,0
DA:68,0
DA:69,0
DA:73,0
DA:74,0
DA:75,0
DA:77,0
DA:80,0
DA:81,0
DA:82,0
DA:83,0
DA:85,0
DA:89,0
DA:99,0
DA:100,0
DA:102,0
DA:103,0
DA:105,0
DA:106,0
DA:107,0
DA:110,0
DA:111,0
DA:113,0
DA:122,0
DA:123,0
DA:124,0
DA:126,0
DA:128,0
DA:129,0
DA:131,0
DA:132,0
DA:134,0
DA:135,0
DA:137,0
DA:138,0
DA:141,0
DA:144,0
DA:145,0
DA:146,0
DA:148,0
DA:150,0
DA:151,0
DA:153,0
DA:154,0
DA:156,0
DA:157,0
DA:159,0
DA:160,0
DA:163,0
DA:166,0
DA:167,0
DA:168,0
DA:169,0
DA:170,0
DA:174,0
DA:175,0
DA:176,0
DA:177,0
DA:178,0
DA:182,0
DA:183,0
DA:184,0
DA:185,0
DA:186,0
DA:187,0
DA:188,0
DA:192,0
DA:193,0
DA:267,0
DA:268,0
DA:314,0
DA:337,0
DA:356,0
DA:357,0
DA:453,0
DA:483,0
DA:485,0
DA:503,0
DA:505,0
DA:527,0
LF:96
LH:0
BRDA:49,0,0,0
BRDA:49,0,1,0
BRDA:66,1,0,0
BRDA:66,1,1,0
BRDA:66,2,0,0
BRDA:66,2,1,0
BRDA:69,3,0,0
BRDA:69,3,1,0
BRDA:69,4,0,0
BRDA:69,4,1,0
BRDA:75,5,0,0
BRDA:75,5,1,0
BRDA:77,6,0,0
BRDA:77,6,1,0
BRDA:77,7,0,0
BRDA:77,7,1,0
BRDA:77,8,0,0
BRDA:77,8,1,0
BRDA:82,9,0,0
BRDA:82,9,1,0
BRDA:106,10,0,0
BRDA:106,10,1,0
BRDA:107,11,0,0
BRDA:107,11,1,0
BRDA:110,12,0,0
BRDA:110,12,1,0
BRDA:110,13,0,0
BRDA:110,13,1,0
BRDA:110,14,0,0
BRDA:110,14,1,0
BRDA:111,15,0,0
BRDA:111,15,1,0
BRDA:111,16,0,0
BRDA:111,16,1,0
BRDA:111,17,0,0
BRDA:111,17,1,0
BRDA:126,18,0,0
BRDA:126,18,1,0
BRDA:126,18,2,0
BRDA:126,18,3,0
BRDA:148,19,0,0
BRDA:148,19,1,0
BRDA:148,19,2,0
BRDA:148,19,3,0
BRDA:167,20,0,0
BRDA:167,20,1,0
BRDA:167,20,2,0
BRDA:175,21,0,0
BRDA:175,21,1,0
BRDA:175,21,2,0
BRDA:183,22,0,0
BRDA:183,22,1,0
BRDA:183,22,2,0
BRDA:183,22,3,0
BRDA:183,22,4,0
BRDA:413,23,0,0
BRDA:413,23,1,0
BRDA:425,24,0,0
BRDA:425,24,1,0
BRDA:437,25,0,0
BRDA:437,25,1,0
BRDA:487,26,0,0
BRDA:487,26,1,0
BRDA:507,27,0,0
BRDA:507,27,1,0
BRDA:520,28,0,0
BRDA:520,28,1,0
BRDA:521,29,0,0
BRDA:521,29,1,0
BRDA:522,30,0,0
BRDA:522,30,1,0
BRF:71
BRH:0
end_of_record
TN:
SF:src\components\auth\AuthPage.tsx
FN:13,(anonymous_1)
FN:16,(anonymous_2)
FN:20,(anonymous_3)
FNF:3
FNH:0
FNDA:0,(anonymous_1)
FNDA:0,(anonymous_2)
FNDA:0,(anonymous_3)
DA:1,0
DA:2,0
DA:3,0
DA:13,0
DA:14,0
DA:16,0
DA:17,0
DA:20,0
DA:21,0
DA:24,0
DA:100,0
LF:11
LH:0
BRDA:13,0,0,0
BRDA:42,1,0,0
BRDA:42,1,1,0
BRF:3
BRH:0
end_of_record
TN:
SF:src\components\auth\LoginForm.tsx
FN:12,(anonymous_0)
FN:20,(anonymous_1)
FN:39,(anonymous_2)
FN:46,(anonymous_3)
FN:47,(anonymous_4)
FN:50,(anonymous_5)
FN:89,(anonymous_6)
FN:118,(anonymous_7)
FN:127,(anonymous_8)
FNF:9
FNH:0
FNDA:0,(anonymous_0)
FNDA:0,(anonymous_1)
FNDA:0,(anonymous_2)
FNDA:0,(anonymous_3)
FNDA:0,(anonymous_4)
FNDA:0,(anonymous_5)
FNDA:0,(anonymous_6)
FNDA:0,(anonymous_7)
FNDA:0,(anonymous_8)
DA:1,0
DA:2,0
DA:12,0
DA:13,0
DA:17,0
DA:18,0
DA:20,0
DA:21,0
DA:23,0
DA:24,0
DA:25,0
DA:26,0
DA:29,0
DA:30,0
DA:31,0
DA:32,0
DA:35,0
DA:36,0
DA:39,0
DA:40,0
DA:41,0
DA:42,0
DA:46,0
DA:47,0
DA:49,0
DA:50,0
DA:54,0
DA:89,0
DA:118,0
DA:127,0
DA:207,0
LF:31
LH:0
BRDA:12,0,0,0
BRDA:23,1,0,0
BRDA:23,1,1,0
BRDA:25,2,0,0
BRDA:25,2,1,0
BRDA:29,3,0,0
BRDA:29,3,1,0
BRDA:31,4,0,0
BRDA:31,4,1,0
BRDA:41,5,0,0
BRDA:41,5,1,0
BRDA:49,6,0,0
BRDA:49,6,1,0
BRDA:67,7,0,0
BRDA:67,7,1,0
BRDA:91,8,0,0
BRDA:91,8,1,0
BRDA:97,9,0,0
BRDA:97,9,1,0
BRDA:116,10,0,0
BRDA:116,10,1,0
BRDA:120,11,0,0
BRDA:120,11,1,0
BRDA:131,12,0,0
BRDA:131,12,1,0
BRDA:138,13,0,0
BRDA:138,13,1,0
BRDA:163,14,0,0
BRDA:163,14,1,0
BRF:29
BRH:0
end_of_record
TN:
SF:src\components\auth\RegisterForm.tsx
FN:12,(anonymous_1)
FN:23,(anonymous_2)
FN:50,(anonymous_3)
FN:60,(anonymous_4)
FN:61,(anonymous_5)
FN:64,(anonymous_6)
FN:68,(anonymous_7)
FN:69,(anonymous_8)
FN:72,(anonymous_9)
FN:76,(anonymous_10)
FN:85,(anonymous_11)
FN:93,(anonymous_12)
FN:136,(anonymous_13)
FN:165,(anonymous_14)
FN:174,(anonymous_15)
FN:225,(anonymous_16)
FN:234,(anonymous_17)
FN:263,(anonymous_18)
FNF:18
FNH:0
FNDA:0,(anonymous_1)
FNDA:0,(anonymous_2)
FNDA:0,(anonymous_3)
FNDA:0,(anonymous_4)
FNDA:0,(anonymous_5)
FNDA:0,(anonymous_6)
FNDA:0,(anonymous_7)
FNDA:0,(anonymous_8)
FNDA:0,(anonymous_9)
FNDA:0,(anonymous_10)
FNDA:0,(anonymous_11)
FNDA:0,(anonymous_12)
FNDA:0,(anonymous_13)
FNDA:0,(anonymous_14)
FNDA:0,(anonymous_15)
FNDA:0,(anonymous_16)
FNDA:0,(anonymous_17)
FNDA:0,(anonymous_18)
DA:1,0
DA:2,0
DA:12,0
DA:13,0
DA:18,0
DA:19,0
DA:20,0
DA:21,0
DA:23,0
DA:24,0
DA:26,0
DA:27,0
DA:28,0
DA:29,0
DA:32,0
DA:33,0
DA:34,0
DA:35,0
DA:36,0
DA:37,0
DA:40,0
DA:41,0
DA:42,0
DA:43,0
DA:46,0
DA:47,0
DA:50,0
DA:51,0
DA:52,0
DA:53,0
DA:54,0
DA:55,0
DA:56,0
DA:57,0
DA:60,0
DA:61,0
DA:62,0
DA:63,0
DA:64,0
DA:68,0
DA:69,0
DA:71,0
DA:72,0
DA:76,0
DA:77,0
DA:78,0
DA:80,0
DA:81,0
DA:85,0
DA:86,0
DA:87,0
DA:88,0
DA:89,0
DA:90,0
DA:93,0
DA:94,0
DA:95,0
DA:96,0
DA:97,0
DA:98,0
DA:101,0
DA:136,0
DA:165,0
DA:174,0
DA:225,0
DA:234,0
DA:264,0
DA:328,0
LF:68
LH:0
BRDA:12,0,0,0
BRDA:26,1,0,0
BRDA:26,1,1,0
BRDA:28,2,0,0
BRDA:28,2,1,0
BRDA:32,3,0,0
BRDA:32,3,1,0
BRDA:34,4,0,0
BRDA:34,4,1,0
BRDA:36,5,0,0
BRDA:36,5,1,0
BRDA:40,6,0,0
BRDA:40,6,1,0
BRDA:42,7,0,0
BRDA:42,7,1,0
BRDA:52,8,0,0
BRDA:52,8,1,0
BRDA:53,9,0,0
BRDA:53,9,1,0
BRDA:54,10,0,0
BRDA:54,10,1,0
BRDA:55,11,0,0
BRDA:55,11,1,0
BRDA:56,12,0,0
BRDA:56,12,1,0
BRDA:63,13,0,0
BRDA:63,13,1,0
BRDA:71,14,0,0
BRDA:71,14,1,0
BRDA:78,15,0,0
BRDA:78,15,1,0
BRDA:86,16,0,0
BRDA:86,16,1,0
BRDA:87,17,0,0
BRDA:87,17,1,0
BRDA:88,18,0,0
BRDA:88,18,1,0
BRDA:89,19,0,0
BRDA:89,19,1,0
BRDA:94,20,0,0
BRDA:94,20,1,0
BRDA:95,21,0,0
BRDA:95,21,1,0
BRDA:96,22,0,0
BRDA:96,22,1,0
BRDA:97,23,0,0
BRDA:97,23,1,0
BRDA:114,24,0,0
BRDA:114,24,1,0
BRDA:138,25,0,0
BRDA:138,25,1,0
BRDA:144,26,0,0
BRDA:144,26,1,0
BRDA:163,27,0,0
BRDA:163,27,1,0
BRDA:167,28,0,0
BRDA:167,28,1,0
BRDA:178,29,0,0
BRDA:178,29,1,0
BRDA:187,30,0,0
BRDA:187,30,1,0
BRDA:204,31,0,0
BRDA:204,31,1,0
BRDA:223,32,0,0
BRDA:223,32,1,0
BRDA:227,33,0,0
BRDA:227,33,1,0
BRDA:238,34,0,0
BRDA:238,34,1,0
BRDA:245,35,0,0
BRDA:245,35,1,0
BRDA:265,36,0,0
BRDA:265,36,1,0
BRDA:270,37,0,0
BRDA:270,37,1,0
BRDA:284,38,0,0
BRDA:284,38,1,0
BRF:77
BRH:0
end_of_record
TN:
SF:src\components\content\SavedContent.tsx
FN:28,(anonymous_0)
FN:60,(anonymous_1)
FN:65,(anonymous_2)
FN:68,(anonymous_3)
FN:74,(anonymous_4)
FN:79,(anonymous_5)
FN:83,(anonymous_6)
FN:99,(anonymous_7)
FN:109,(anonymous_8)
FN:119,(anonymous_9)
FN:127,(anonymous_10)
FN:130,(anonymous_11)
FN:133,(anonymous_12)
FN:133,(anonymous_13)
FN:161,(anonymous_14)
FN:169,(anonymous_15)
FN:177,(anonymous_16)
FN:188,(anonymous_17)
FN:204,(anonymous_18)
FN:207,(anonymous_19)
FN:225,(anonymous_20)
FN:228,(anonymous_21)
FN:250,(anonymous_22)
FN:253,(anonymous_23)
FN:291,(anonymous_24)
FN:329,(anonymous_25)
FN:356,(anonymous_26)
FN:364,(anonymous_27)
FN:371,(anonymous_28)
FNF:29
FNH:0
FNDA:0,(anonymous_0)
FNDA:0,(anonymous_1)
FNDA:0,(anonymous_2)
FNDA:0,(anonymous_3)
FNDA:0,(anonymous_4)
FNDA:0,(anonymous_5)
FNDA:0,(anonymous_6)
FNDA:0,(anonymous_7)
FNDA:0,(anonymous_8)
FNDA:0,(anonymous_9)
FNDA:0,(anonymous_10)
FNDA:0,(anonymous_11)
FNDA:0,(anonymous_12)
FNDA:0,(anonymous_13)
FNDA:0,(anonymous_14)
FNDA:0,(anonymous_15)
FNDA:0,(anonymous_16)
FNDA:0,(anonymous_17)
FNDA:0,(anonymous_18)
FNDA:0,(anonymous_19)
FNDA:0,(anonymous_20)
FNDA:0,(anonymous_21)
FNDA:0,(anonymous_22)
FNDA:0,(anonymous_23)
FNDA:0,(anonymous_24)
FNDA:0,(anonymous_25)
FNDA:0,(anonymous_26)
FNDA:0,(anonymous_27)
FNDA:0,(anonymous_28)
DA:1,0
DA:2,0
DA:28,0
DA:35,0
DA:36,0
DA:37,0
DA:38,0
DA:39,0
DA:40,0
DA:42,0
DA:50,0
DA:60,0
DA:61,0
DA:64,0
DA:65,0
DA:66,0
DA:68,0
DA:73,0
DA:74,0
DA:78,0
DA:79,0
DA:83,0
DA:84,0
DA:86,0
DA:88,0
DA:90,0
DA:92,0
DA:96,0
DA:99,0
DA:100,0
DA:101,0
DA:102,0
DA:103,0
DA:104,0
DA:105,0
DA:109,0
DA:110,0
DA:111,0
DA:112,0
DA:113,0
DA:114,0
DA:115,0
DA:119,0
DA:120,0
DA:127,0
DA:128,0
DA:131,0
DA:133,0
DA:143,0
DA:161,0
DA:169,0
DA:177,0
DA:188,0
DA:205,0
DA:207,0
DA:226,0
DA:228,0
DA:251,0
DA:253,0
DA:292,0
DA:330,0
DA:356,0
DA:364,0
DA:371,0
DA:386,0
LF:65
LH:0
BRDA:64,0,0,0
BRDA:64,0,1,0
BRDA:66,1,0,0
BRDA:66,1,1,0
BRDA:66,1,2,0
BRDA:73,2,0,0
BRDA:73,2,1,0
BRDA:78,3,0,0
BRDA:78,3,1,0
BRDA:84,4,0,0
BRDA:84,4,1,0
BRDA:84,4,2,0
BRDA:84,4,3,0
BRDA:88,5,0,0
BRDA:88,5,1,0
BRDA:88,6,0,0
BRDA:88,6,1,0
BRDA:100,7,0,0
BRDA:100,7,1,0
BRDA:100,7,2,0
BRDA:100,7,3,0
BRDA:100,7,4,0
BRDA:110,8,0,0
BRDA:110,8,1,0
BRDA:110,8,2,0
BRDA:110,8,3,0
BRDA:110,8,4,0
BRDA:133,9,0,0
BRDA:133,9,1,0
BRDA:133,10,0,0
BRDA:133,10,1,0
BRDA:133,11,0,0
BRDA:133,11,1,0
BRDA:136,12,0,0
BRDA:136,12,1,0
BRDA:171,13,0,0
BRDA:171,13,1,0
BRDA:179,14,0,0
BRDA:179,14,1,0
BRDA:197,15,0,0
BRDA:197,15,1,0
BRDA:209,16,0,0
BRDA:209,16,1,0
BRDA:230,17,0,0
BRDA:230,17,1,0
BRDA:255,18,0,0
BRDA:255,18,1,0
BRDA:278,19,0,0
BRDA:278,19,1,0
BRDA:283,20,0,0
BRDA:283,20,1,0
BRDA:283,21,0,0
BRDA:283,21,1,0
BRDA:283,21,2,0
BRDA:290,22,0,0
BRDA:290,22,1,0
BRDA:295,23,0,0
BRDA:295,23,1,0
BRDA:299,24,0,0
BRDA:299,24,1,0
BRDA:327,25,0,0
BRDA:327,25,1,0
BRDA:338,26,0,0
BRDA:338,26,1,0
BRDA:348,27,0,0
BRDA:348,27,1,0
BRF:66
BRH:0
end_of_record
TN:
SF:src\components\navigation\Navigation.tsx
FN:26,(anonymous_0)
FN:42,(anonymous_1)
FN:44,(anonymous_2)
FN:48,(anonymous_3)
FN:52,(anonymous_4)
FN:57,(anonymous_5)
FN:62,(anonymous_6)
FN:63,(anonymous_7)
FN:71,(anonymous_8)
FN:96,(anonymous_9)
FN:214,(anonymous_10)
FN:260,(anonymous_11)
FNF:12
FNH:0
FNDA:0,(anonymous_0)
FNDA:0,(anonymous_1)
FNDA:0,(anonymous_2)
FNDA:0,(anonymous_3)
FNDA:0,(anonymous_4)
FNDA:0,(anonymous_5)
FNDA:0,(anonymous_6)
FNDA:0,(anonymous_7)
FNDA:0,(anonymous_8)
FNDA:0,(anonymous_9)
FNDA:0,(anonymous_10)
FNDA:0,(anonymous_11)
DA:1,0
DA:2,0
DA:3,0
DA:26,0
DA:27,0
DA:28,0
DA:29,0
DA:31,0
DA:42,0
DA:44,0
DA:45,0
DA:48,0
DA:49,0
DA:52,0
DA:53,0
DA:57,0
DA:58,0
DA:62,0
DA:63,0
DA:64,0
DA:65,0
DA:66,0
DA:70,0
DA:71,0
DA:72,0
DA:76,0
DA:97,0
DA:99,0
DA:215,0
DA:217,0
DA:261,0
DA:262,0
DA:288,0
LF:33
LH:0
BRDA:65,0,0,0
BRDA:65,0,1,0
BRDA:65,1,0,0
BRDA:65,1,1,0
BRDA:97,2,0,0
BRDA:97,2,1,0
BRDA:97,3,0,0
BRDA:97,3,1,0
BRDA:104,4,0,0
BRDA:104,4,1,0
BRDA:125,5,0,0
BRDA:125,5,1,0
BRDA:139,6,0,0
BRDA:139,6,1,0
BRDA:179,7,0,0
BRDA:179,7,1,0
BRDA:200,8,0,0
BRDA:200,8,1,0
BRDA:211,9,0,0
BRDA:211,9,1,0
BRDA:215,10,0,0
BRDA:215,10,1,0
BRDA:215,11,0,0
BRDA:215,11,1,0
BRDA:223,12,0,0
BRDA:223,12,1,0
BRDA:235,13,0,0
BRDA:235,13,1,0
BRF:28
BRH:0
end_of_record
TN:
SF:src\components\profile\UserProfile.tsx
FN:26,(anonymous_0)
FN:34,(anonymous_1)
FN:39,(anonymous_2)
FN:48,(anonymous_3)
FN:49,(anonymous_4)
FN:52,(anonymous_5)
FN:60,(anonymous_6)
FN:63,(anonymous_7)
FN:69,(anonymous_8)
FN:77,(anonymous_9)
FN:101,(anonymous_10)
FN:151,(anonymous_11)
FN:170,(anonymous_12)
FN:187,(anonymous_13)
FNF:14
FNH:0
FNDA:0,(anonymous_0)
FNDA:0,(anonymous_1)
FNDA:0,(anonymous_2)
FNDA:0,(anonymous_3)
FNDA:0,(anonymous_4)
FNDA:0,(anonymous_5)
FNDA:0,(anonymous_6)
FNDA:0,(anonymous_7)
FNDA:0,(anonymous_8)
FNDA:0,(anonymous_9)
FNDA:0,(anonymous_10)
FNDA:0,(anonymous_11)
FNDA:0,(anonymous_12)
FNDA:0,(anonymous_13)
DA:1,0
DA:2,0
DA:26,0
DA:27,0
DA:28,0
DA:34,0
DA:35,0
DA:36,0
DA:39,0
DA:40,0
DA:45,0
DA:48,0
DA:49,0
DA:52,0
DA:53,0
DA:60,0
DA:61,0
DA:62,0
DA:63,0
DA:64,0
DA:65,0
DA:66,0
DA:69,0
DA:70,0
DA:71,0
DA:72,0
DA:73,0
DA:77,0
DA:78,0
DA:79,0
DA:80,0
DA:81,0
DA:85,0
DA:101,0
DA:151,0
DA:170,0
DA:187,0
DA:309,0
LF:38
LH:0
BRDA:26,0,0,0
BRDA:30,1,0,0
BRDA:30,1,1,0
BRDA:31,2,0,0
BRDA:31,2,1,0
BRDA:42,3,0,0
BRDA:42,3,1,0
BRDA:43,4,0,0
BRDA:43,4,1,0
BRDA:61,5,0,0
BRDA:61,5,1,0
BRDA:64,6,0,0
BRDA:64,6,1,0
BRDA:65,7,0,0
BRDA:65,7,1,0
BRDA:70,8,0,0
BRDA:70,8,1,0
BRDA:70,8,2,0
BRDA:78,9,0,0
BRDA:78,9,1,0
BRDA:78,9,2,0
BRDA:99,10,0,0
BRDA:99,10,1,0
BRDA:134,11,0,0
BRDA:134,11,1,0
BRDA:147,12,0,0
BRDA:147,12,1,0
BRDA:166,13,0,0
BRDA:166,13,1,0
BRDA:175,14,0,0
BRDA:175,14,1,0
BRDA:184,15,0,0
BRDA:184,15,1,0
BRDA:193,16,0,0
BRDA:193,16,1,0
BRDA:282,17,0,0
BRDA:282,17,1,0
BRDA:292,18,0,0
BRDA:292,18,1,0
BRF:39
BRH:0
end_of_record
TN:
SF:src\components\settings\Settings.tsx
FN:25,(anonymous_0)
FN:65,(anonymous_1)
FN:70,(anonymous_2)
FN:85,(anonymous_3)
FN:92,(anonymous_4)
FN:102,(anonymous_5)
FN:119,(anonymous_6)
FN:170,(anonymous_7)
FN:176,(anonymous_8)
FN:190,(anonymous_9)
FN:196,(anonymous_10)
FN:210,(anonymous_11)
FN:216,(anonymous_12)
FN:244,(anonymous_13)
FN:249,(anonymous_14)
FN:252,(anonymous_15)
FN:271,(anonymous_16)
FN:276,(anonymous_17)
FN:279,(anonymous_18)
FN:301,(anonymous_19)
FN:305,(anonymous_20)
FN:317,(anonymous_21)
FN:414,(anonymous_22)
FN:426,(anonymous_23)
FN:440,(anonymous_24)
FN:471,(anonymous_25)
FN:474,(anonymous_26)
FNF:27
FNH:0
FNDA:0,(anonymous_0)
FNDA:0,(anonymous_1)
FNDA:0,(anonymous_2)
FNDA:0,(anonymous_3)
FNDA:0,(anonymous_4)
FNDA:0,(anonymous_5)
FNDA:0,(anonymous_6)
FNDA:0,(anonymous_7)
FNDA:0,(anonymous_8)
FNDA:0,(anonymous_9)
FNDA:0,(anonymous_10)
FNDA:0,(anonymous_11)
FNDA:0,(anonymous_12)
FNDA:0,(anonymous_13)
FNDA:0,(anonymous_14)
FNDA:0,(anonymous_15)
FNDA:0,(anonymous_16)
FNDA:0,(anonymous_17)
FNDA:0,(anonymous_18)
FNDA:0,(anonymous_19)
FNDA:0,(anonymous_20)
FNDA:0,(anonymous_21)
FNDA:0,(anonymous_22)
FNDA:0,(anonymous_23)
FNDA:0,(anonymous_24)
FNDA:0,(anonymous_25)
FNDA:0,(anonymous_26)
DA:1,0
DA:2,0
DA:25,0
DA:32,0
DA:33,0
DA:34,0
DA:35,0
DA:36,0
DA:37,0
DA:38,0
DA:39,0
DA:40,0
DA:42,0
DA:50,0
DA:57,0
DA:65,0
DA:67,0
DA:70,0
DA:71,0
DA:72,0
DA:73,0
DA:75,0
DA:76,0
DA:77,0
DA:80,0
DA:81,0
DA:82,0
DA:85,0
DA:86,0
DA:87,0
DA:88,0
DA:92,0
DA:93,0
DA:95,0
DA:102,0
DA:119,0
DA:170,0
DA:176,0
DA:190,0
DA:196,0
DA:210,0
DA:216,0
DA:237,0
DA:245,0
DA:250,0
DA:252,0
DA:253,0
DA:272,0
DA:277,0
DA:279,0
DA:280,0
DA:296,0
DA:302,0
DA:305,0
DA:318,0
DA:335,0
DA:369,0
DA:414,0
DA:426,0
DA:440,0
DA:454,0
DA:458,0
DA:472,0
DA:474,0
DA:498,0
LF:65
LH:0
BRDA:30,0,0,0
BRDA:71,1,0,0
BRDA:71,1,1,0
BRDA:75,2,0,0
BRDA:75,2,1,0
BRDA:86,3,0,0
BRDA:86,3,1,0
BRDA:93,4,0,0
BRDA:93,4,1,0
BRDA:93,4,2,0
BRDA:93,4,3,0
BRDA:93,4,4,0
BRDA:93,4,5,0
BRDA:100,5,0,0
BRDA:100,5,1,0
BRDA:132,6,0,0
BRDA:132,6,1,0
BRDA:135,7,0,0
BRDA:135,7,1,0
BRDA:140,8,0,0
BRDA:140,8,1,0
BRDA:146,9,0,0
BRDA:146,9,1,0
BRDA:148,10,0,0
BRDA:148,10,1,0
BRDA:154,11,0,0
BRDA:154,11,1,0
BRDA:168,12,0,0
BRDA:168,12,1,0
BRDA:179,13,0,0
BRDA:179,13,1,0
BRDA:188,14,0,0
BRDA:188,14,1,0
BRDA:199,15,0,0
BRDA:199,15,1,0
BRDA:208,16,0,0
BRDA:208,16,1,0
BRDA:219,17,0,0
BRDA:219,17,1,0
BRDA:226,18,0,0
BRDA:226,18,1,0
BRDA:226,18,2,0
BRDA:226,18,3,0
BRDA:250,19,0,0
BRDA:250,19,1,0
BRDA:277,20,0,0
BRDA:277,20,1,0
BRDA:308,21,0,0
BRDA:308,21,1,0
BRDA:309,22,0,0
BRDA:309,22,1,0
BRDA:310,23,0,0
BRDA:310,23,1,0
BRDA:311,24,0,0
BRDA:311,24,1,0
BRDA:412,25,0,0
BRDA:412,25,1,0
BRDA:476,26,0,0
BRDA:476,26,1,0
BRF:59
BRH:0
end_of_record
TN:
SF:src\config\moodConfig.ts
FN:84,setMoodImageMode
FN:91,getImageSizeClass
FN:102,getMoodCategory
FN:103,(anonymous_3)
FN:107,getMoodsByCategory
FN:108,(anonymous_5)
FN:113,validateHumanFaceImage
FN:125,getHumanFaceImageUrl
FNF:8
FNH:0
FNDA:0,setMoodImageMode
FNDA:0,getImageSizeClass
FNDA:0,getMoodCategory
FNDA:0,(anonymous_3)
FNDA:0,getMoodsByCategory
FNDA:0,(anonymous_5)
FNDA:0,validateHumanFaceImage
FNDA:0,getHumanFaceImageUrl
DA:21,0
DA:31,0
DA:67,0
DA:84,0
DA:85,0
DA:87,0
DA:91,0
DA:92,0
DA:98,0
DA:102,0
DA:103,0
DA:107,0
DA:108,0
DA:109,0
DA:113,0
DA:114,0
DA:116,0
DA:117,0
DA:121,0
DA:125,0
DA:126,0
DA:128,0
DA:129,0
DA:131,0
DA:135,0
LF:25
LH:0
BRDA:87,0,0,0
BRDA:87,0,1,0
BRDA:109,1,0,0
BRDA:109,1,1,0
BRDA:109,2,0,0
BRDA:109,2,1,0
BRDA:109,3,0,0
BRDA:109,3,1,0
BRDA:114,4,0,0
BRDA:114,4,1,0
BRDA:117,5,0,0
BRDA:117,5,1,0
BRDA:126,6,0,0
BRDA:126,6,1,0
BRDA:129,7,0,0
BRDA:129,7,1,0
BRF:16
BRH:0
end_of_record
TN:
SF:src\lib\utils.ts
FN:5,cn
FN:121,getMoodDefinition
FN:122,(anonymous_2)
FN:125,getMoodEmoji
FN:130,getMoodColor
FN:135,getMoodLabel
FN:140,getMoodDescription
FN:145,getMoodTherapeuticGoal
FN:151,getMoodIcon
FN:166,getMoodImageComponent
FN:175,getContentTypeColor
FN:186,(anonymous_11)
FN:189,setMoodImageMode
FN:195,getAllMoods
FN:200,getMoodsByCategory
FN:208,(anonymous_15)
FNF:16
FNH:0
FNDA:0,cn
FNDA:0,getMoodDefinition
FNDA:0,(anonymous_2)
FNDA:0,getMoodEmoji
FNDA:0,getMoodColor
FNDA:0,getMoodLabel
FNDA:0,getMoodDescription
FNDA:0,getMoodTherapeuticGoal
FNDA:0,getMoodIcon
FNDA:0,getMoodImageComponent
FNDA:0,getContentTypeColor
FNDA:0,(anonymous_11)
FNDA:0,setMoodImageMode
FNDA:0,getAllMoods
FNDA:0,getMoodsByCategory
FNDA:0,(anonymous_15)
DA:1,0
DA:2,0
DA:3,0
DA:5,0
DA:6,0
DA:21,0
DA:121,0
DA:122,0
DA:125,0
DA:126,0
DA:127,0
DA:130,0
DA:131,0
DA:132,0
DA:135,0
DA:136,0
DA:137,0
DA:140,0
DA:141,0
DA:142,0
DA:145,0
DA:146,0
DA:147,0
DA:151,0
DA:152,0
DA:154,0
DA:155,0
DA:159,0
DA:162,0
DA:166,0
DA:167,0
DA:168,0
DA:175,0
DA:176,0
DA:182,0
DA:186,0
DA:189,0
DA:191,0
DA:195,0
DA:196,0
DA:200,0
DA:201,0
DA:207,0
DA:208,0
LF:44
LH:0
BRDA:127,0,0,0
BRDA:127,0,1,0
BRDA:127,1,0,0
BRDA:127,1,1,0
BRDA:127,2,0,0
BRDA:127,2,1,0
BRDA:132,3,0,0
BRDA:132,3,1,0
BRDA:132,4,0,0
BRDA:132,4,1,0
BRDA:132,5,0,0
BRDA:132,5,1,0
BRDA:137,6,0,0
BRDA:137,6,1,0
BRDA:137,7,0,0
BRDA:137,7,1,0
BRDA:137,8,0,0
BRDA:137,8,1,0
BRDA:142,9,0,0
BRDA:142,9,1,0
BRDA:142,10,0,0
BRDA:142,10,1,0
BRDA:142,11,0,0
BRDA:142,11,1,0
BRDA:147,12,0,0
BRDA:147,12,1,0
BRDA:147,13,0,0
BRDA:147,13,1,0
BRDA:147,14,0,0
BRDA:147,14,1,0
BRDA:151,15,0,0
BRDA:152,16,0,0
BRDA:152,16,1,0
BRDA:155,17,0,0
BRDA:155,17,1,0
BRDA:182,18,0,0
BRDA:182,18,1,0
BRDA:207,19,0,0
BRDA:207,19,1,0
BRF:39
BRH:0
end_of_record
